============================= test session starts =============================
platform win32 -- Python 3.14.6, pytest-9.1.1, pluggy-1.6.0 -- C:\Users\HP\Desktop\.vscode\ai-reliability-engineer\.venv\Scripts\python.exe
cachedir: .pytest_cache
rootdir: C:\Users\HP\Desktop\.vscode\ai-reliability-engineer
configfile: pytest.ini
plugins: anyio-4.14.2
collecting ... collected 13 items

backend/tests/test_ai_rca_engine.py::test_rca_returns_404_for_unknown_incident PASSED
backend/tests/test_ai_rca_engine.py::test_rca_returns_409_for_non_investigated_incident PASSED
backend/tests/test_ai_rca_engine.py::test_rca_returns_409_for_duplicate_rca PASSED
backend/tests/test_ai_rca_engine.py::test_validate_rca_output_rejects_hallucinated_evidence_id PASSED
backend/tests/test_ai_rca_engine.py::test_validate_rca_output_rejects_invalid_remediation_type PASSED
backend/tests/test_ai_rca_engine.py::test_validate_rca_output_accepts_valid_response PASSED
backend/tests/test_ai_rca_engine.py::test_rca_engine_retry_then_fail_on_hallucinated_response PASSED
backend/tests/test_ai_rca_engine.py::test_rca_happy_path_real_ai FAILED
backend/tests/test_ai_evidence_package.py::test_build_evidence_package_returns_correct_structure PASSED
backend/tests/test_ai_evidence_package.py::test_build_evidence_package_zero_evidence PASSED
backend/tests/test_ai_evidence_package.py::test_clean_json_response_strips_markdown PASSED
backend/tests/test_ai_evidence_package.py::test_call_rca_model_returns_parseable_json FAILED
backend/tests/test_golden_path_e2e.py::test_golden_path FAILED

================================== FAILURES ===================================
_________________________ test_rca_happy_path_real_ai _________________________

>   ???
E   AssertionError: Expected 200, got 502: {"detail":"AI call failed: Failed to call Gemini API: 404 NOT_FOUND. {'error': {'code': 404, 'message': 'models/gemini-1.5-flash is not found for API version v1beta, or is not supported for generateContent. Call ModelService.ListModels to see the list of available models and their supported methods.', 'status': 'NOT_FOUND'}}"}
E   assert 502 == 200
E    +  where 502 = <Response [502 Bad Gateway]>.status_code

C:\Users\HP\Desktop\.vscode\Argus man\Argus-main\ai-reliability-engineer\backend\tests\test_ai_rca_engine.py:325: AssertionError
------------------------------ Captured log call ------------------------------
WARNING  google_genai.models:models.py:6247 Direct use of automatic function calling (AFC) in Models.generate_content is not recommended. Instead, we recommend to use AFC in Chat.send_message. Similarly, direct use of AFC in Models.generate_content_stream is not recommended. Instead, we recommend to use AFC in Chat.send_message_stream.
_________________ test_call_rca_model_returns_parseable_json __________________

evidence_package = {'incident': {'id': 1, 'type': 'CrashLoopBackOff', 'service': 'frontend', 'severity': 'high', ...}, 'evidence': [{'id'... 'observed_fact', 'content': {'log': 'OOMKilled process', 'source': 'kubectl'}, 'created_at': '2026-01-01T10:05:00Z'}]}

    def call_rca_model(evidence_package: dict) -> dict:
        api_key = os.getenv("GEMINI_API_KEY")
        if not api_key:
            raise AICallError("GEMINI_API_KEY environment variable is missing or empty.")
    
        client = genai.Client(api_key=api_key)
        model = os.getenv("AI_MODEL", "gemini-2.5-flash")
    
        system_prompt = build_system_prompt()
        user_prompt = build_rca_prompt(evidence_package)
    
        try:
>           response = client.models.generate_content(
                model=model,
                contents=user_prompt,
                config=types.GenerateContentConfig(
                    system_instruction=system_prompt,
                    response_mime_type="application/json",
                    temperature=0.2
                )
            )

backend\app\ai\client.py:39: 
_ _ _ _ _ _ _ _ _ _ _ _ _ _ _ _ _ _ _ _ _ _ _ _ _ _ _ _ _ _ _ _ _ _ _ _ _ _ _ _
.venv\Lib\site-packages\google\genai\models.py:6270: in generate_content
    response = self._generate_content(
.venv\Lib\site-packages\google\genai\models.py:4707: in _generate_content
    response = self._api_client.request(
.venv\Lib\site-packages\google\genai\_api_client.py:1747: in request
    response = self._request(http_request, http_options, stream=False)
               ^^^^^^^^^^^^^^^^^^^^^^^^^^^^^^^^^^^^^^^^^^^^^^^^^^^^^^^
.venv\Lib\site-packages\google\genai\_api_client.py:1534: in _request
    return self._retry(self._request_once, http_request, stream)  # type: ignore[no-any-return]
           ^^^^^^^^^^^^^^^^^^^^^^^^^^^^^^^^^^^^^^^^^^^^^^^^^^^^^
.venv\Lib\site-packages\tenacity\__init__.py:470: in __call__
    do = self.iter(retry_state=retry_state)
         ^^^^^^^^^^^^^^^^^^^^^^^^^^^^^^^^^^
.venv\Lib\site-packages\tenacity\__init__.py:371: in iter
    result = action(retry_state)
             ^^^^^^^^^^^^^^^^^^^
.venv\Lib\site-packages\tenacity\__init__.py:413: in exc_check
    raise retry_exc.reraise()
          ^^^^^^^^^^^^^^^^^^^
.venv\Lib\site-packages\tenacity\__init__.py:184: in reraise
    raise self.last_attempt.result()
          ^^^^^^^^^^^^^^^^^^^^^^^^^^
C:\Python314\Lib\concurrent\futures\_base.py:447: in result
    return self.__get_result()
           ^^^^^^^^^^^^^^^^^^^
C:\Python314\Lib\concurrent\futures\_base.py:396: in __get_result
    raise self._exception
.venv\Lib\site-packages\tenacity\__init__.py:473: in __call__
    result = fn(*args, **kwargs)
             ^^^^^^^^^^^^^^^^^^^
.venv\Lib\site-packages\google\genai\_api_client.py:1511: in _request_once
    errors.APIError.raise_for_response(response)
.venv\Lib\site-packages\google\genai\errors.py:173: in raise_for_response
    cls.raise_error(response.status_code, response_json, response)
_ _ _ _ _ _ _ _ _ _ _ _ _ _ _ _ _ _ _ _ _ _ _ _ _ _ _ _ _ _ _ _ _ _ _ _ _ _ _ _

cls = <class 'google.genai.errors.APIError'>, status_code = 404
response_json = {'error': {'code': 404, 'message': 'models/gemini-1.5-flash is not found for API version v1beta, or is not supported f...Call ModelService.ListModels to see the list of available models and their supported methods.', 'status': 'NOT_FOUND'}}
response = <Response [404 Not Found]>

    @classmethod
    def raise_error(
        cls,
        status_code: int,
        response_json: Any,
        response: Optional[
            Union[
                'ReplayResponse',
                httpx.Response,
                'requests.Response',
            ]
        ],
    ) -> None:
      """Raises an appropriate APIError subclass based on the status code.
    
      Args:
        status_code: The HTTP status code of the response.
        response_json: The JSON body of the response, or a dict containing error
          details.
        response: The original response object.
    
      Raises:
        ClientError: If the status code is in the 4xx range.
        ServerError: If the status code is in the 5xx range.
        APIError: For other error status codes.
      """
      if 400 <= status_code < 500:
>       raise ClientError(status_code, response_json, response)
E       google.genai.errors.ClientError: 404 NOT_FOUND. {'error': {'code': 404, 'message': 'models/gemini-1.5-flash is not found for API version v1beta, or is not supported for generateContent. Call ModelService.ListModels to see the list of available models and their supported methods.', 'status': 'NOT_FOUND'}}

.venv\Lib\site-packages\google\genai\errors.py:202: ClientError

The above exception was the direct cause of the following exception:

>   ???

C:\Users\HP\Desktop\.vscode\Argus man\Argus-main\ai-reliability-engineer\backend\tests\test_ai_evidence_package.py:129: 
_ _ _ _ _ _ _ _ _ _ _ _ _ _ _ _ _ _ _ _ _ _ _ _ _ _ _ _ _ _ _ _ _ _ _ _ _ _ _ _

evidence_package = {'incident': {'id': 1, 'type': 'CrashLoopBackOff', 'service': 'frontend', 'severity': 'high', ...}, 'evidence': [{'id'... 'observed_fact', 'content': {'log': 'OOMKilled process', 'source': 'kubectl'}, 'created_at': '2026-01-01T10:05:00Z'}]}

    def call_rca_model(evidence_package: dict) -> dict:
        api_key = os.getenv("GEMINI_API_KEY")
        if not api_key:
            raise AICallError("GEMINI_API_KEY environment variable is missing or empty.")
    
        client = genai.Client(api_key=api_key)
        model = os.getenv("AI_MODEL", "gemini-2.5-flash")
    
        system_prompt = build_system_prompt()
        user_prompt = build_rca_prompt(evidence_package)
    
        try:
            response = client.models.generate_content(
                model=model,
                contents=user_prompt,
                config=types.GenerateContentConfig(
                    system_instruction=system_prompt,
                    response_mime_type="application/json",
                    temperature=0.2
                )
            )
        except Exception as e:
>           raise AICallError(f"Failed to call Gemini API: {str(e)}") from e
E           app.ai.client.AICallError: Failed to call Gemini API: 404 NOT_FOUND. {'error': {'code': 404, 'message': 'models/gemini-1.5-flash is not found for API version v1beta, or is not supported for generateContent. Call ModelService.ListModels to see the list of available models and their supported methods.', 'status': 'NOT_FOUND'}}

backend\app\ai\client.py:49: AICallError
______________________________ test_golden_path _______________________________

generate_traffic = <function generate_traffic.<locals>._generate at 0x0000020998F17740>
SIMULATOR_URL = 'http://localhost:9000'

    @pytest.mark.skipif(
        not os.getenv("GEMINI_API_KEY"),
        reason="requires valid GEMINI_API_KEY for real AI calls"
    )
    def test_golden_path(generate_traffic, SIMULATOR_URL):
        """
        End-to-end integration test of the entire SRE incident lifecycle.
        Exercises generating real traffic, detecting issues, investigating limits,
        real AI RCA, governed remediation, and verification recovery.
        """
    
        # --- 1. Clean Simulator State ---
        res_reset = httpx.post(f"{SIMULATOR_URL}/simulate/reset", timeout=5.0)
        assert res_reset.status_code == 200, f"stage 1: failed to reset simulator: {res_reset.text}"
    
        # --- 2. Initial healthy state check ---
        generate_traffic(15.0)
        res_det1 = client.post("/detection/run")
        assert res_det1.status_code == 200, "stage 2: detection run failed"
>       assert len(res_det1.json()["new_incidents"]) == 0, "stage 2: expected no incidents on clean state"
E       AssertionError: stage 2: expected no incidents on clean state
E       assert 1 == 0
E        +  where 1 = len([{'id': 1, 'type': 'high_latency', 'service': 'simulator', 'severity': 'high', ...}])

backend\tests\test_golden_path_e2e.py:60: AssertionError
============================== warnings summary ===============================
.venv\Lib\site-packages\fastapi\testclient.py:1
  C:\Users\HP\Desktop\.vscode\ai-reliability-engineer\.venv\Lib\site-packages\fastapi\testclient.py:1: StarletteDeprecationWarning: Using `httpx` with `starlette.testclient` is deprecated; install `httpx2` instead.
    from starlette.testclient import TestClient as TestClient  # noqa

.venv\Lib\site-packages\google\genai\types.py:42
  C:\Users\HP\Desktop\.vscode\ai-reliability-engineer\.venv\Lib\site-packages\google\genai\types.py:42: DeprecationWarning: '_UnionGenericAlias' is deprecated and slated for removal in Python 3.17
    VersionedUnionType = Union[builtin_types.UnionType, _UnionGenericAlias]

backend\app\main.py:52
  C:\Users\HP\Desktop\.vscode\ai-reliability-engineer\backend\app\main.py:52: DeprecationWarning: 
          on_event is deprecated, use lifespan event handlers instead.
  
          Read more about it in the
          [FastAPI docs for Lifespan Events](https://fastapi.tiangolo.com/advanced/events/).
          
    @app.on_event("startup")

.venv\Lib\site-packages\fastapi\applications.py:4681
  C:\Users\HP\Desktop\.vscode\ai-reliability-engineer\.venv\Lib\site-packages\fastapi\applications.py:4681: DeprecationWarning: 
          on_event is deprecated, use lifespan event handlers instead.
  
          Read more about it in the
          [FastAPI docs for Lifespan Events](https://fastapi.tiangolo.com/advanced/events/).
          
    return self.router.on_event(event_type)  # ty: ignore[deprecated]

backend/tests/test_ai_rca_engine.py::test_rca_returns_409_for_duplicate_rca
backend/tests/test_ai_rca_engine.py::test_rca_engine_retry_then_fail_on_hallucinated_response
backend/tests/test_ai_rca_engine.py::test_rca_engine_retry_then_fail_on_hallucinated_response
backend/tests/test_ai_rca_engine.py::test_rca_happy_path_real_ai
  C:\Users\HP\Desktop\.vscode\ai-reliability-engineer\.venv\Lib\site-packages\sqlalchemy\sql\schema.py:3627: DeprecationWarning: datetime.datetime.utcnow() is deprecated and scheduled for removal in a future version. Use timezone-aware objects to represent datetimes in UTC: datetime.datetime.now(datetime.UTC).
    return util.wrap_callable(lambda ctx: fn(), fn)  # type: ignore

backend/tests/test_golden_path_e2e.py::test_golden_path
  C:\Users\HP\Desktop\.vscode\ai-reliability-engineer\backend\app\detection\engine.py:80: DeprecationWarning: datetime.datetime.utcnow() is deprecated and scheduled for removal in a future version. Use timezone-aware objects to represent datetimes in UTC: datetime.datetime.now(datetime.UTC).
    timestamp=datetime.datetime.utcnow(),

-- Docs: https://docs.pytest.org/en/stable/how-to/capture-warnings.html
=========================== short test summary info ===========================
FAILED backend/tests/test_ai_rca_engine.py::test_rca_happy_path_real_ai - Ass...
FAILED backend/tests/test_ai_evidence_package.py::test_call_rca_model_returns_parseable_json
FAILED backend/tests/test_golden_path_e2e.py::test_golden_path - AssertionErr...
================== 3 failed, 10 passed, 9 warnings in 23.57s ==================
