============================= test session starts =============================
platform win32 -- Python 3.14.6, pytest-9.1.1, pluggy-1.6.0 -- C:\Users\HP\Desktop\.vscode\ai-reliability-engineer\.venv\Scripts\python.exe
cachedir: .pytest_cache
rootdir: C:\Users\HP\Desktop\.vscode\ai-reliability-engineer
configfile: pytest.ini
plugins: anyio-4.14.2
collecting ... collected 13 items

backend/tests/test_ai_rca_engine.py::test_rca_returns_404_for_unknown_incident PASSED [  7%]
backend/tests/test_ai_rca_engine.py::test_rca_returns_409_for_non_investigated_incident PASSED [ 15%]
backend/tests/test_ai_rca_engine.py::test_rca_returns_409_for_duplicate_rca PASSED [ 23%]
backend/tests/test_ai_rca_engine.py::test_validate_rca_output_rejects_hallucinated_evidence_id PASSED [ 30%]
backend/tests/test_ai_rca_engine.py::test_validate_rca_output_rejects_invalid_remediation_type PASSED [ 38%]
backend/tests/test_ai_rca_engine.py::test_validate_rca_output_accepts_valid_response PASSED [ 46%]
backend/tests/test_ai_rca_engine.py::test_rca_engine_retry_then_fail_on_hallucinated_response PASSED [ 53%]
backend/tests/test_ai_rca_engine.py::test_rca_happy_path_real_ai FAILED  [ 61%]
backend/tests/test_ai_evidence_package.py::test_build_evidence_package_returns_correct_structure PASSED [ 69%]
backend/tests/test_ai_evidence_package.py::test_build_evidence_package_zero_evidence PASSED [ 76%]
backend/tests/test_ai_evidence_package.py::test_clean_json_response_strips_markdown PASSED [ 84%]
backend/tests/test_ai_evidence_package.py::test_call_rca_model_returns_parseable_json FAILED [ 92%]
backend/tests/test_golden_path_e2e.py::test_golden_path FAILED           [100%]

================================== FAILURES ===================================
_________________________ test_rca_happy_path_real_ai _________________________

>   ???
E   AssertionError: Expected 200, got 502: {"detail":"AI call failed: Failed to call Gemini API: 429 RESOURCE_EXHAUSTED. {'error': {'code': 429, 'message': 'You exceeded your current quota, please check your plan and billing details. For more information on this error, head to: https://ai.google.dev/gemini-api/docs/rate-limits. To monitor your current usage, head to: https://ai.dev/rate-limit. \\n* Quota exceeded for metric: generativelanguage.googleapis.com/generate_content_free_tier_requests, limit: 20, model: gemini-2.5-flash\\nPlease retry in 10.492248546s.', 'status': 'RESOURCE_EXHAUSTED', 'details': [{'@type': 'type.googleapis.com/google.rpc.Help', 'links': [{'description': 'Learn more about Gemini API quotas', 'url': 'https://ai.google.dev/gemini-api/docs/rate-limits'}]}, {'@type': 'type.googleapis.com/google.rpc.QuotaFailure', 'violations': [{'quotaMetric': 'generativelanguage.googleapis.com/generate_content_free_tier_requests', 'quotaId': 'GenerateRequestsPerDayPerProjectPerModel-FreeTier', 'quotaDimensions': {'model': 'gemini-2.5-flash', 'location': 'global'}, 'quotaValue': '20'}]}, {'@type': 'type.googleapis.com/google.rpc.RetryInfo', 'retryDelay': '10s'}]}}"}
E   assert 502 == 200
E    +  where 502 = <Response [502 Bad Gateway]>.status_code

C:\Users\HP\Desktop\.vscode\Argus man\Argus-main\ai-reliability-engineer\backend\tests\test_ai_rca_engine.py:325: AssertionError
------------------------------ Captured log call ------------------------------
WARNING  google_genai.models:models.py:6247 Direct use of automatic function calling (AFC) in Models.generate_content is not recommended. Instead, we recommend to use AFC in Chat.send_message. Similarly, direct use of AFC in Models.generate_content_stream is not recommended. Instead, we recommend to use AFC in Chat.send_message_stream.
_________________ test_call_rca_model_returns_parseable_json __________________

evidence_package = {'incident': {'id': 1, 'type': 'CrashLoopBackOff', 'service': 'frontend', 'severity': 'high', ...}, 'evidence': [{'id'... 'observed_fact', 'content': {'log': 'OOMKilled process', 'source': 'kubectl'}, 'created_at': '2026-01-01T10:05:00Z'}]}

    def call_rca_model(evidence_package: dict) -> dict:
        api_key = os.getenv("GEMINI_API_KEY")
        if not api_key:
            raise AICallError("GEMINI_API_KEY environment variable is missing or empty.")
    
        client = genai.Client(api_key=api_key)
        model = os.getenv("AI_MODEL", "gemini-2.5-flash")
    
        system_prompt = build_system_prompt()
        user_prompt = build_rca_prompt(evidence_package)
    
        try:
>           response = client.models.generate_content(
                model=model,
                contents=user_prompt,
                config=types.GenerateContentConfig(
                    system_instruction=system_prompt,
                    response_mime_type="application/json",
                    temperature=0.2
                )
            )

backend\app\ai\client.py:39: 
_ _ _ _ _ _ _ _ _ _ _ _ _ _ _ _ _ _ _ _ _ _ _ _ _ _ _ _ _ _ _ _ _ _ _ _ _ _ _ _
.venv\Lib\site-packages\google\genai\models.py:6270: in generate_content
    response = self._generate_content(
.venv\Lib\site-packages\google\genai\models.py:4707: in _generate_content
    response = self._api_client.request(
.venv\Lib\site-packages\google\genai\_api_client.py:1747: in request
    response = self._request(http_request, http_options, stream=False)
               ^^^^^^^^^^^^^^^^^^^^^^^^^^^^^^^^^^^^^^^^^^^^^^^^^^^^^^^
.venv\Lib\site-packages\google\genai\_api_client.py:1534: in _request
    return self._retry(self._request_once, http_request, stream)  # type: ignore[no-any-return]
           ^^^^^^^^^^^^^^^^^^^^^^^^^^^^^^^^^^^^^^^^^^^^^^^^^^^^^
.venv\Lib\site-packages\tenacity\__init__.py:470: in __call__
    do = self.iter(retry_state=retry_state)
         ^^^^^^^^^^^^^^^^^^^^^^^^^^^^^^^^^^
.venv\Lib\site-packages\tenacity\__init__.py:371: in iter
    result = action(retry_state)
             ^^^^^^^^^^^^^^^^^^^
.venv\Lib\site-packages\tenacity\__init__.py:413: in exc_check
    raise retry_exc.reraise()
          ^^^^^^^^^^^^^^^^^^^
.venv\Lib\site-packages\tenacity\__init__.py:184: in reraise
    raise self.last_attempt.result()
          ^^^^^^^^^^^^^^^^^^^^^^^^^^
C:\Python314\Lib\concurrent\futures\_base.py:447: in result
    return self.__get_result()
           ^^^^^^^^^^^^^^^^^^^
C:\Python314\Lib\concurrent\futures\_base.py:396: in __get_result
    raise self._exception
.venv\Lib\site-packages\tenacity\__init__.py:473: in __call__
    result = fn(*args, **kwargs)
             ^^^^^^^^^^^^^^^^^^^
.venv\Lib\site-packages\google\genai\_api_client.py:1511: in _request_once
    errors.APIError.raise_for_response(response)
.venv\Lib\site-packages\google\genai\errors.py:173: in raise_for_response
    cls.raise_error(response.status_code, response_json, response)
_ _ _ _ _ _ _ _ _ _ _ _ _ _ _ _ _ _ _ _ _ _ _ _ _ _ _ _ _ _ _ _ _ _ _ _ _ _ _ _

cls = <class 'google.genai.errors.APIError'>, status_code = 429
response_json = {'error': {'code': 429, 'message': 'You exceeded your current quota, please check your plan and billing details. For m...Dimensions': {...}, 'quotaValue': '20'}]}, {'@type': 'type.googleapis.com/google.rpc.RetryInfo', 'retryDelay': '9s'}]}}
response = <Response [429 Too Many Requests]>

    @classmethod
    def raise_error(
        cls,
        status_code: int,
        response_json: Any,
        response: Optional[
            Union[
                'ReplayResponse',
                httpx.Response,
                'requests.Response',
            ]
        ],
    ) -> None:
      """Raises an appropriate APIError subclass based on the status code.
    
      Args:
        status_code: The HTTP status code of the response.
        response_json: The JSON body of the response, or a dict containing error
          details.
        response: The original response object.
    
      Raises:
        ClientError: If the status code is in the 4xx range.
        ServerError: If the status code is in the 5xx range.
        APIError: For other error status codes.
      """
      if 400 <= status_code < 500:
>       raise ClientError(status_code, response_json, response)
E       google.genai.errors.ClientError: 429 RESOURCE_EXHAUSTED. {'error': {'code': 429, 'message': 'You exceeded your current quota, please check your plan and billing details. For more information on this error, head to: https://ai.google.dev/gemini-api/docs/rate-limits. To monitor your current usage, head to: https://ai.dev/rate-limit. \n* Quota exceeded for metric: generativelanguage.googleapis.com/generate_content_free_tier_requests, limit: 20, model: gemini-2.5-flash\nPlease retry in 9.511150341s.', 'status': 'RESOURCE_EXHAUSTED', 'details': [{'@type': 'type.googleapis.com/google.rpc.Help', 'links': [{'description': 'Learn more about Gemini API quotas', 'url': 'https://ai.google.dev/gemini-api/docs/rate-limits'}]}, {'@type': 'type.googleapis.com/google.rpc.QuotaFailure', 'violations': [{'quotaMetric': 'generativelanguage.googleapis.com/generate_content_free_tier_requests', 'quotaId': 'GenerateRequestsPerDayPerProjectPerModel-FreeTier', 'quotaDimensions': {'location': 'global', 'model': 'gemini-2.5-flash'}, 'quotaValue': '20'}]}, {'@type': 'type.googleapis.com/google.rpc.RetryInfo', 'retryDelay': '9s'}]}}

.venv\Lib\site-packages\google\genai\errors.py:202: ClientError

The above exception was the direct cause of the following exception:

>   ???

C:\Users\HP\Desktop\.vscode\Argus man\Argus-main\ai-reliability-engineer\backend\tests\test_ai_evidence_package.py:129: 
_ _ _ _ _ _ _ _ _ _ _ _ _ _ _ _ _ _ _ _ _ _ _ _ _ _ _ _ _ _ _ _ _ _ _ _ _ _ _ _

evidence_package = {'incident': {'id': 1, 'type': 'CrashLoopBackOff', 'service': 'frontend', 'severity': 'high', ...}, 'evidence': [{'id'... 'observed_fact', 'content': {'log': 'OOMKilled process', 'source': 'kubectl'}, 'created_at': '2026-01-01T10:05:00Z'}]}

    def call_rca_model(evidence_package: dict) -> dict:
        api_key = os.getenv("GEMINI_API_KEY")
        if not api_key:
            raise AICallError("GEMINI_API_KEY environment variable is missing or empty.")
    
        client = genai.Client(api_key=api_key)
        model = os.getenv("AI_MODEL", "gemini-2.5-flash")
    
        system_prompt = build_system_prompt()
        user_prompt = build_rca_prompt(evidence_package)
    
        try:
            response = client.models.generate_content(
                model=model,
                contents=user_prompt,
                config=types.GenerateContentConfig(
                    system_instruction=system_prompt,
                    response_mime_type="application/json",
                    temperature=0.2
                )
            )
        except Exception as e:
>           raise AICallError(f"Failed to call Gemini API: {str(e)}") from e
E           app.ai.client.AICallError: Failed to call Gemini API: 429 RESOURCE_EXHAUSTED. {'error': {'code': 429, 'message': 'You exceeded your current quota, please check your plan and billing details. For more information on this error, head to: https://ai.google.dev/gemini-api/docs/rate-limits. To monitor your current usage, head to: https://ai.dev/rate-limit. \n* Quota exceeded for metric: generativelanguage.googleapis.com/generate_content_free_tier_requests, limit: 20, model: gemini-2.5-flash\nPlease retry in 9.511150341s.', 'status': 'RESOURCE_EXHAUSTED', 'details': [{'@type': 'type.googleapis.com/google.rpc.Help', 'links': [{'description': 'Learn more about Gemini API quotas', 'url': 'https://ai.google.dev/gemini-api/docs/rate-limits'}]}, {'@type': 'type.googleapis.com/google.rpc.QuotaFailure', 'violations': [{'quotaMetric': 'generativelanguage.googleapis.com/generate_content_free_tier_requests', 'quotaId': 'GenerateRequestsPerDayPerProjectPerModel-FreeTier', 'quotaDimensions': {'location': 'global', 'model': 'gemini-2.5-flash'}, 'quotaValue': '20'}]}, {'@type': 'type.googleapis.com/google.rpc.RetryInfo', 'retryDelay': '9s'}]}}

backend\app\ai\client.py:49: AICallError
______________________________ test_golden_path _______________________________

generate_traffic = <function generate_traffic.<locals>._generate at 0x000002BFB8496090>
SIMULATOR_URL = 'http://localhost:9000'

    @pytest.mark.skipif(
        not os.getenv("GEMINI_API_KEY"),
        reason="requires valid GEMINI_API_KEY for real AI calls"
    )
    def test_golden_path(generate_traffic, SIMULATOR_URL):
        """
        End-to-end integration test of the entire SRE incident lifecycle.
        Exercises generating real traffic, detecting issues, investigating limits,
        real AI RCA, governed remediation, and verification recovery.
        """
    
        # --- 1. Clean Simulator State ---
        res_reset = httpx.post(f"{SIMULATOR_URL}/simulate/reset", timeout=5.0)
        assert res_reset.status_code == 200, f"stage 1: failed to reset simulator: {res_reset.text}"
    
        # --- 2. Initial healthy state check ---
        generate_traffic(15.0)
        res_det1 = client.post("/detection/run")
        assert res_det1.status_code == 200, "stage 2: detection run failed"
        assert len(res_det1.json()["new_incidents"]) == 0, "stage 2: expected no incidents on clean state"
    
        # --- 3. Trigger Bad Deployment ---
        res_bad = httpx.post(f"{SIMULATOR_URL}/simulate/bad-deployment", timeout=5.0)
        assert res_bad.status_code == 200, "stage 3: failed to trigger bad deployment"
        commit_sha = res_bad.json()["commit_sha"]
        assert commit_sha, "stage 3: failed to capture commit_sha"
    
        # --- 4. Generate Degraded Traffic ---
        # Need to wait enough for Prometheus scraping and 15s/1m rate windows.
        generate_traffic(15.0)
    
        # --- 5. Detection Pass ---
        # Retry a few times in case metrics haven't fully propped up yet
        incidents = []
        for _ in range(5):
            res_det2 = client.post("/detection/run")
            assert res_det2.status_code == 200, "stage 5: detection run failed"
            incidents = res_det2.json()["new_incidents"]
            if incidents:
                break
            generate_traffic(3.0)
    
        assert len(incidents) >= 1, f"stage 5: expected at least 1 new incident, got {len(incidents)}"
        incident = incidents[0]
        incident_id = incident["id"]
        assert incident["initial_metrics"]["value"] > 0, "stage 5: initial_metrics value should be non-zero"
    
        # --- 6. Investigation ---
        res_inv = client.post(f"/investigation/run/{incident_id}")
        assert res_inv.status_code == 200, f"stage 6: investigation failed, got {res_inv.status_code}"
    
        db = SessionLocal()
        evidence_rows = db.query(Evidence).filter(Evidence.incident_id == incident_id).all()
        categories = [e.category for e in evidence_rows]
        if "git" not in categories:
            errors = [e.content for e in evidence_rows if e.category == "collection_error"]
            print(f"DEBUG COLLECTION ERRORS: {errors}")
        assert "observed_fact" in categories, "stage 6: missing observed_fact evidence"
        assert "hypothesis" in categories, "stage 6: missing hypothesis evidence"
    
        git_ev = next((e for e in evidence_rows if e.category == "observed_fact" and e.content.get("source") == "git"), None)
        assert git_ev, "stage 6: missing git evidence"
        commits = git_ev.content.get("commits", [])
    
        commits = git_ev.content.get("commits", [])
        assert any(c.get("sha") == commit_sha for c in commits), f"stage 6: expected {commit_sha} in git evidence"
    
        ev_ids = [str(e.id) for e in evidence_rows]
        db.close()
    
        # --- 7. AI Root Cause Analysis ---
        res_rca = client.post(f"/ai/rca/{incident_id}")
>       assert res_rca.status_code == 200, f"stage 7: RCA failed, got {res_rca.status_code}: {res_rca.text}"
E       AssertionError: stage 7: RCA failed, got 502: {"detail":"AI call failed: Failed to call Gemini API: 429 RESOURCE_EXHAUSTED. {'error': {'code': 429, 'message': 'You exceeded your current quota, please check your plan and billing details. For more information on this error, head to: https://ai.google.dev/gemini-api/docs/rate-limits. To monitor your current usage, head to: https://ai.dev/rate-limit. \\n* Quota exceeded for metric: generativelanguage.googleapis.com/generate_content_free_tier_requests, limit: 20, model: gemini-2.5-flash\\nPlease retry in 29.426820623s.', 'status': 'RESOURCE_EXHAUSTED', 'details': [{'@type': 'type.googleapis.com/google.rpc.Help', 'links': [{'description': 'Learn more about Gemini API quotas', 'url': 'https://ai.google.dev/gemini-api/docs/rate-limits'}]}, {'@type': 'type.googleapis.com/google.rpc.QuotaFailure', 'violations': [{'quotaMetric': 'generativelanguage.googleapis.com/generate_content_free_tier_requests', 'quotaId': 'GenerateRequestsPerDayPerProjectPerModel-FreeTier', 'quotaDimensions': {'location': 'global', 'model': 'gemini-2.5-flash'}, 'quotaValue': '20'}]}, {'@type': 'type.googleapis.com/google.rpc.RetryInfo', 'retryDelay': '29s'}]}}"}
E       assert 502 == 200
E        +  where 502 = <Response [502 Bad Gateway]>.status_code

backend\tests\test_golden_path_e2e.py:113: AssertionError
---------------------------- Captured stdout call -----------------------------
DEBUG COLLECTION ERRORS: []
============================== warnings summary ===============================
.venv\Lib\site-packages\fastapi\testclient.py:1
  C:\Users\HP\Desktop\.vscode\ai-reliability-engineer\.venv\Lib\site-packages\fastapi\testclient.py:1: StarletteDeprecationWarning: Using `httpx` with `starlette.testclient` is deprecated; install `httpx2` instead.
    from starlette.testclient import TestClient as TestClient  # noqa

.venv\Lib\site-packages\google\genai\types.py:42
  C:\Users\HP\Desktop\.vscode\ai-reliability-engineer\.venv\Lib\site-packages\google\genai\types.py:42: DeprecationWarning: '_UnionGenericAlias' is deprecated and slated for removal in Python 3.17
    VersionedUnionType = Union[builtin_types.UnionType, _UnionGenericAlias]

backend\app\main.py:52
  C:\Users\HP\Desktop\.vscode\ai-reliability-engineer\backend\app\main.py:52: DeprecationWarning: 
          on_event is deprecated, use lifespan event handlers instead.
  
          Read more about it in the
          [FastAPI docs for Lifespan Events](https://fastapi.tiangolo.com/advanced/events/).
          
    @app.on_event("startup")

.venv\Lib\site-packages\fastapi\applications.py:4681
  C:\Users\HP\Desktop\.vscode\ai-reliability-engineer\.venv\Lib\site-packages\fastapi\applications.py:4681: DeprecationWarning: 
          on_event is deprecated, use lifespan event handlers instead.
  
          Read more about it in the
          [FastAPI docs for Lifespan Events](https://fastapi.tiangolo.com/advanced/events/).
          
    return self.router.on_event(event_type)  # ty: ignore[deprecated]

backend/tests/test_ai_rca_engine.py: 4 warnings
backend/tests/test_golden_path_e2e.py: 8 warnings
  C:\Users\HP\Desktop\.vscode\ai-reliability-engineer\.venv\Lib\site-packages\sqlalchemy\sql\schema.py:3627: DeprecationWarning: datetime.datetime.utcnow() is deprecated and scheduled for removal in a future version. Use timezone-aware objects to represent datetimes in UTC: datetime.datetime.now(datetime.UTC).
    return util.wrap_callable(lambda ctx: fn(), fn)  # type: ignore

backend/tests/test_golden_path_e2e.py::test_golden_path
  C:\Users\HP\Desktop\.vscode\ai-reliability-engineer\backend\app\detection\engine.py:80: DeprecationWarning: datetime.datetime.utcnow() is deprecated and scheduled for removal in a future version. Use timezone-aware objects to represent datetimes in UTC: datetime.datetime.now(datetime.UTC).
    timestamp=datetime.datetime.utcnow(),

-- Docs: https://docs.pytest.org/en/stable/how-to/capture-warnings.html
=========================== short test summary info ===========================
FAILED backend/tests/test_ai_rca_engine.py::test_rca_happy_path_real_ai - Ass...
FAILED backend/tests/test_ai_evidence_package.py::test_call_rca_model_returns_parseable_json
FAILED backend/tests/test_golden_path_e2e.py::test_golden_path - AssertionErr...
================= 3 failed, 10 passed, 17 warnings in 44.45s ==================
