<?xml version="1.0" encoding="utf-8"?><testsuites name="pytest tests"><testsuite name="pytest" errors="0" failures="2" skipped="0" tests="30" time="0.296" timestamp="2026-09-16T20:51:31.429659+05:30" hostname="shresth"><testcase classname="tests.unit.integrations.ai.test_gemini_provider" name="test_gemini_provider_is_registered" time="0.001" /><testcase classname="tests.unit.integrations.ai.test_gemini_provider" name="test_valid_key_returns_without_exception" time="0.001" /><testcase classname="tests.unit.integrations.ai.test_gemini_provider" name="test_invalid_key_maps_to_invalid_api_key[401]" time="0.001" /><testcase classname="tests.unit.integrations.ai.test_gemini_provider" name="test_invalid_key_maps_to_invalid_api_key[403]" time="0.001" /><testcase classname="tests.unit.integrations.ai.test_gemini_provider" name="test_rate_limit_maps_to_rate_limited" time="0.001" /><testcase classname="tests.unit.integrations.ai.test_gemini_provider" name="test_server_errors_map_to_unavailable[response0]" time="0.001" /><testcase classname="tests.unit.integrations.ai.test_gemini_provider" name="test_server_errors_map_to_unavailable[response1]" time="0.001" /><testcase classname="tests.unit.integrations.ai.test_gemini_provider" name="test_timeout_maps_to_unavailable_without_key_leak" time="0.001" /><testcase classname="tests.unit.integrations.ai.test_gemini_provider" name="test_network_error_maps_to_unavailable_without_key_leak" time="0.001" /><testcase classname="tests.unit.integrations.ai.test_gemini_provider" name="test_default_timeout_is_passed_to_request" time="0.000" /><testcase classname="tests.unit.integrations.ai.test_gemini_provider" name="test_generate_analysis_returns_validated_result_and_preserves_boundaries" time="0.001" /><testcase classname="tests.unit.integrations.ai.test_gemini_provider" name="test_generate_analysis_rejects_invalid_structured_response[response0]" time="0.001" /><testcase classname="tests.unit.integrations.ai.test_gemini_provider" name="test_generate_analysis_rejects_invalid_structured_response[response1]" time="0.001" /><testcase classname="tests.unit.integrations.ai.test_gemini_provider" name="test_generate_analysis_rejects_invalid_structured_response[response2]" time="0.001" /><testcase classname="tests.unit.integrations.ai.test_gemini_provider" name="test_generate_analysis_preserves_mapped_transport_errors[error0]" time="0.001" /><testcase classname="tests.unit.integrations.ai.test_gemini_provider" name="test_generate_analysis_preserves_mapped_transport_errors[error1]" time="0.001" /><testcase classname="tests.unit.integrations.ai.test_gemini_provider" name="test_generate_analysis_preserves_mapped_transport_errors[error2]" time="0.001" /><testcase classname="tests.unit.integrations.ai.test_gemini_provider" name="test_generation_invalid_key_maps_to_invalid_api_key[401]" time="0.001" /><testcase classname="tests.unit.integrations.ai.test_gemini_provider" name="test_generation_invalid_key_maps_to_invalid_api_key[403]" time="0.001" /><testcase classname="tests.unit.integrations.ai.test_gemini_provider" name="test_generation_rate_limit_maps_to_rate_limited" time="0.001" /><testcase classname="tests.unit.integrations.ai.test_gemini_provider" name="test_generation_timeout_maps_to_unavailable" time="0.001" /><testcase classname="tests.unit.integrations.ai.test_gemini_provider" name="test_generate_bot_response_returns_validated_result_and_preserves_boundaries" time="0.001" /><testcase classname="tests.unit.integrations.ai.test_gemini_provider" name="test_generate_bot_response_rejects_invalid_structured_response[response0]" time="0.001" /><testcase classname="tests.unit.integrations.ai.test_gemini_provider" name="test_generate_bot_response_rejects_invalid_structured_response[response1]" time="0.001" /><testcase classname="tests.unit.integrations.ai.test_gemini_provider" name="test_generate_bot_response_rejects_invalid_structured_response[response2]" time="0.001" /><testcase classname="tests.unit.integrations.ai.test_gemini_provider" name="test_generate_bot_response_preserves_mapped_transport_errors[error0]" time="0.001" /><testcase classname="tests.unit.integrations.ai.test_gemini_provider" name="test_generate_bot_response_preserves_mapped_transport_errors[error1]" time="0.001" /><testcase classname="tests.unit.integrations.ai.test_gemini_provider" name="test_generate_bot_response_preserves_mapped_transport_errors[error2]" time="0.001" /><testcase classname="tests.unit.integrations.ai.test_registry" name="test_ai_provider_registry" time="0.001"><failure message="TypeError: Can't instantiate abstract class DummyProvider without an implementation for abstract method 'generate_bot_response'">def test_ai_provider_registry():
        # Register the provider
        register_provider("dummy", DummyProvider)
    
        # Retrieve the provider class by key
        provider_class = get_provider("dummy")
        assert provider_class is DummyProvider
    
        # Verify instantiation and method
&gt;       provider_instance = provider_class()
                            ^^^^^^^^^^^^^^^^
E       TypeError: Can't instantiate abstract class DummyProvider without an implementation for abstract method 'generate_bot_response'

backend\tests\unit\integrations\ai\test_registry.py:29: TypeError</failure></testcase><testcase classname="tests.unit.integrations.ai.test_registry" name="test_ai_provider_exceptions" time="0.001"><failure message="TypeError: Can't instantiate abstract class DummyProvider without an implementation for abstract method 'generate_bot_response'">def test_ai_provider_exceptions():
&gt;       provider = DummyProvider()
                   ^^^^^^^^^^^^^^^
E       TypeError: Can't instantiate abstract class DummyProvider without an implementation for abstract method 'generate_bot_response'

backend\tests\unit\integrations\ai\test_registry.py:38: TypeError</failure></testcase></testsuite></testsuites>