============================= test session starts =============================
platform win32 -- Python 3.14.6, pytest-9.1.1, pluggy-1.6.0 -- C:\Python314\python.exe
cachedir: .pytest_cache
rootdir: C:\Users\HP\Desktop\.vscode\Argus  og\backend
configfile: pytest.ini
plugins: anyio-4.14.1, langsmith-0.9.2, asyncio-1.4.0, timeout-2.4.0
asyncio: mode=Mode.STRICT, debug=False, asyncio_default_fixture_loop_scope=None, asyncio_default_test_loop_scope=function
collecting ... collected 3 items

tests/integration/test_repositories_api.py::test_repositories_endpoints_unauthenticated PASSED [ 33%]
tests/integration/test_repositories_api.py::test_repositories_happy_path PASSED [ 66%]
tests/integration/test_repositories_api.py::test_repositories_ownership_protection FAILED [100%]

================================== FAILURES ===================================
___________________ test_repositories_ownership_protection ____________________

client = <starlette.testclient.TestClient object at 0x000001DB1D8A4690>
db_session = <sqlalchemy.orm.session.Session object at 0x000001DB1D8A4A50>
monkeypatch = <_pytest.monkeypatch.MonkeyPatch object at 0x000001DB1DA18050>

    def test_repositories_ownership_protection(client, db_session, monkeypatch):
        """
        Verify that ownership is respected:
        Adding a repository via a connection owned by another user is rejected with 404.
        Toggling monitoring on another user's repository is rejected with 404.
        """
        client.post("/api/v1/auth/dev-login")
        # Current logged in dev user
        my_user = db_session.query(User).first()
    
        # Create another user
>       other_user = User(email="other@example.com", authentication_provider="github", external_id="gh_999")
                     ^^^^^^^^^^^^^^^^^^^^^^^^^^^^^^^^^^^^^^^^^^^^^^^^^^^^^^^^^^^^^^^^^^^^^^^^^^^^^^^^^^^^^^^

tests\integration\test_repositories_api.py:122: 
_ _ _ _ _ _ _ _ _ _ _ _ _ _ _ _ _ _ _ _ _ _ _ _ _ _ _ _ _ _ _ _ _ _ _ _ _ _ _ _
<string>:4: in __init__
    ???
C:\Users\HP\AppData\Roaming\Python\Python314\site-packages\sqlalchemy\orm\state.py:596: in _initialize_instance
    with util.safe_reraise():
         ^^^^^^^^^^^^^^^^^^^
C:\Users\HP\AppData\Roaming\Python\Python314\site-packages\sqlalchemy\util\langhelpers.py:122: in __exit__
    raise exc_value.with_traceback(exc_tb)
C:\Users\HP\AppData\Roaming\Python\Python314\site-packages\sqlalchemy\orm\state.py:594: in _initialize_instance
    manager.original_init(*mixed[1:], **kwargs)
_ _ _ _ _ _ _ _ _ _ _ _ _ _ _ _ _ _ _ _ _ _ _ _ _ _ _ _ _ _ _ _ _ _ _ _ _ _ _ _

self = <app.models.user.User object at 0x000001DB1DA19E00>
kwargs = {'email': 'other@example.com', 'authentication_provider': 'github', 'external_id': 'gh_999'}

    def _declarative_constructor(self: Any, **kwargs: Any) -> None:
        """A simple constructor that allows initialization from kwargs.
    
        Sets attributes on the constructed instance using the names and
        values in ``kwargs``.
    
        Only keys that are present as
        attributes of the instance's class are allowed. These could be,
        for example, any mapped columns or relationships.
        """
        cls_ = type(self)
        for k in kwargs:
            if not hasattr(cls_, k):
>               raise TypeError(
                    "%r is an invalid keyword argument for %s" % (k, cls_.__name__)
                )
E               TypeError: 'authentication_provider' is an invalid keyword argument for User

C:\Users\HP\AppData\Roaming\Python\Python314\site-packages\sqlalchemy\orm\decl_base.py:2179: TypeError
============================== warnings summary ===============================
..\..\..\..\AppData\Roaming\Python\Python314\site-packages\fastapi\testclient.py:1
  C:\Users\HP\AppData\Roaming\Python\Python314\site-packages\fastapi\testclient.py:1: StarletteDeprecationWarning: Using `httpx` with `starlette.testclient` is deprecated; install `httpx2` instead.
    from starlette.testclient import TestClient as TestClient  # noqa

app\main.py:19
  C:\Users\HP\Desktop\.vscode\Argus  og\backend\app\main.py:19: DeprecationWarning: 
          on_event is deprecated, use lifespan event handlers instead.
  
          Read more about it in the
          [FastAPI docs for Lifespan Events](https://fastapi.tiangolo.com/advanced/events/).
          
    @app.on_event("startup")

..\..\..\..\AppData\Roaming\Python\Python314\site-packages\fastapi\applications.py:4675
  C:\Users\HP\AppData\Roaming\Python\Python314\site-packages\fastapi\applications.py:4675: DeprecationWarning: 
          on_event is deprecated, use lifespan event handlers instead.
  
          Read more about it in the
          [FastAPI docs for Lifespan Events](https://fastapi.tiangolo.com/advanced/events/).
          
    return self.router.on_event(event_type)  # ty: ignore[deprecated]

-- Docs: https://docs.pytest.org/en/stable/how-to/capture-warnings.html
=========================== short test summary info ===========================
FAILED tests/integration/test_repositories_api.py::test_repositories_ownership_protection - TypeError: 'authentication_provider' is an invalid keyword argument for User
=================== 1 failed, 2 passed, 3 warnings in 0.40s ===================
