============================= test session starts =============================
platform win32 -- Python 3.14.6, pytest-8.4.2, pluggy-1.6.0 -- C:\Users\HP\Desktop\.vscode\Argus  og\backend\venv\Scripts\python.exe
cachedir: .pytest_cache
rootdir: C:\Users\HP\Desktop\.vscode\Argus  og\backend
configfile: pytest.ini
plugins: anyio-4.15.1, asyncio-1.4.0
asyncio: mode=Mode.STRICT, debug=False, asyncio_default_fixture_loop_scope=None, asyncio_default_test_loop_scope=function
collecting ... collected 6 items

tests/integration/test_notifications_api.py::test_get_notifications PASSED [ 16%]
tests/integration/test_notifications_api.py::test_get_notifications_unread_only PASSED [ 33%]
tests/integration/test_notifications_api.py::test_unread_count_and_mark_read PASSED [ 50%]
tests/integration/test_notifications_api.py::test_mark_all_read PASSED   [ 66%]
tests/integration/test_notifications_api.py::test_mark_read_ownership_scoping PASSED [ 83%]
tests/integration/test_notifications_api.py::test_get_notifications_ownership_scoping PASSED [100%]

============================== warnings summary ===============================
venv\Lib\site-packages\fastapi\testclient.py:1
  C:\Users\HP\Desktop\.vscode\Argus  og\backend\venv\Lib\site-packages\fastapi\testclient.py:1: StarletteDeprecationWarning: Using `httpx` with `starlette.testclient` is deprecated; install `httpx2` instead.
    from starlette.testclient import TestClient as TestClient  # noqa

venv\Lib\site-packages\starlette\testclient.py:53
  C:\Users\HP\Desktop\.vscode\Argus  og\backend\venv\Lib\site-packages\starlette\testclient.py:53: DeprecationWarning: The anyio.abc.BlockingPortal alias is deprecated, use anyio.from_thread.BlockingPortal instead.
    _PortalFactoryType = Callable[[], AbstractContextManager[anyio.abc.BlockingPortal]]

app\schemas\notification.py:24
  C:\Users\HP\Desktop\.vscode\Argus  og\backend\app\schemas\notification.py:24: PydanticDeprecatedSince20: Support for class-based `config` is deprecated, use ConfigDict instead. Deprecated in Pydantic V2.0 to be removed in V3.0. See Pydantic V2 Migration Guide at https://errors.pydantic.dev/2.13/migration/
    class Notification(NotificationBase):

app\main.py:21
  C:\Users\HP\Desktop\.vscode\Argus  og\backend\app\main.py:21: DeprecationWarning: 
          on_event is deprecated, use lifespan event handlers instead.
  
          Read more about it in the
          [FastAPI docs for Lifespan Events](https://fastapi.tiangolo.com/advanced/events/).
          
    @app.on_event("startup")

venv\Lib\site-packages\fastapi\applications.py:4681
  C:\Users\HP\Desktop\.vscode\Argus  og\backend\venv\Lib\site-packages\fastapi\applications.py:4681: DeprecationWarning: 
          on_event is deprecated, use lifespan event handlers instead.
  
          Read more about it in the
          [FastAPI docs for Lifespan Events](https://fastapi.tiangolo.com/advanced/events/).
          
    return self.router.on_event(event_type)  # ty: ignore[deprecated]

-- Docs: https://docs.pytest.org/en/stable/how-to/capture-warnings.html
======================== 6 passed, 5 warnings in 0.66s ========================
