============================= test session starts =============================
platform win32 -- Python 3.14.6, pytest-8.4.2, pluggy-1.6.0 -- C:\Users\HP\Desktop\.vscode\Argus  og\backend\venv\Scripts\python.exe
cachedir: .pytest_cache
rootdir: C:\Users\HP\Desktop\.vscode\Argus  og\backend
configfile: pytest.ini
plugins: anyio-4.15.1
collecting ... collected 4 items

tests/unit/test_config.py::test_config_loads_valid_values PASSED         [ 25%]
tests/unit/test_config.py::test_config_invalid_app_env_fails PASSED      [ 50%]
tests/unit/test_config.py::test_config_cors_origins_parsing FAILED       [ 75%]
tests/unit/test_config.py::test_config_non_dev_requires_db PASSED        [100%]

================================== FAILURES ===================================
______________________ test_config_cors_origins_parsing _______________________

self = EnvSettingsSource(env_nested_delimiter=None, env_prefix_len=0)

    def __call__(self) -> dict[str, Any]:
        data: dict[str, Any] = {}
    
        for field_name, field in self.settings_cls.model_fields.items():
            _warn_if_field_info_incomplete(field, field_name, self._init_state)
            try:
                field_value, field_key, value_is_complex = self._get_resolved_field_value(field, field_name)
            except Exception as e:
                raise SettingsError(
                    f'error getting value for field "{field_name}" from source "{self.__class__.__name__}"'
                ) from e
    
            try:
>               field_value = self.prepare_field_value(field_name, field, field_value, value_is_complex)
                              ^^^^^^^^^^^^^^^^^^^^^^^^^^^^^^^^^^^^^^^^^^^^^^^^^^^^^^^^^^^^^^^^^^^^^^^^^^

venv\Lib\site-packages\pydantic_settings\sources\base.py:608: 
_ _ _ _ _ _ _ _ _ _ _ _ _ _ _ _ _ _ _ _ _ _ _ _ _ _ _ _ _ _ _ _ _ _ _ _ _ _ _ _
venv\Lib\site-packages\pydantic_settings\sources\providers\env.py:150: in prepare_field_value
    value = self.decode_complex_value(field_name, field, value)
            ^^^^^^^^^^^^^^^^^^^^^^^^^^^^^^^^^^^^^^^^^^^^^^^^^^^
venv\Lib\site-packages\pydantic_settings\sources\base.py:208: in decode_complex_value
    return json.loads(value)
           ^^^^^^^^^^^^^^^^^
C:\Python314\Lib\json\__init__.py:352: in loads
    return _default_decoder.decode(s)
           ^^^^^^^^^^^^^^^^^^^^^^^^^^
C:\Python314\Lib\json\decoder.py:345: in decode
    obj, end = self.raw_decode(s, idx=_w(s, 0).end())
               ^^^^^^^^^^^^^^^^^^^^^^^^^^^^^^^^^^^^^^
_ _ _ _ _ _ _ _ _ _ _ _ _ _ _ _ _ _ _ _ _ _ _ _ _ _ _ _ _ _ _ _ _ _ _ _ _ _ _ _

self = <json.decoder.JSONDecoder object at 0x0000018B2510FCB0>
s = 'http://localhost:3000, http://localhost:8080', idx = 0

    def raw_decode(self, s, idx=0):
        """Decode a JSON document from ``s`` (a ``str`` beginning with
        a JSON document) and return a 2-tuple of the Python
        representation and the index in ``s`` where the document ended.
    
        This can be used to decode a JSON document from a string that may
        have extraneous data at the end.
    
        """
        try:
            obj, end = self.scan_once(s, idx)
        except StopIteration as err:
>           raise JSONDecodeError("Expecting value", s, err.value) from None
E           json.decoder.JSONDecodeError: Expecting value: line 1 column 1 (char 0)

C:\Python314\Lib\json\decoder.py:363: JSONDecodeError

The above exception was the direct cause of the following exception:

monkeypatch = <_pytest.monkeypatch.MonkeyPatch object at 0x0000018B2AA9FAD0>

    def test_config_cors_origins_parsing(monkeypatch):
        monkeypatch.setenv("APP_ENV", "development")
        monkeypatch.setenv("DATABASE_URL", "sqlite:///test.db")
        monkeypatch.setenv("CORS_ORIGINS", "http://localhost:3000, http://localhost:8080")
    
>       settings = Settings()
                   ^^^^^^^^^^

tests\unit\test_config.py:29: 
_ _ _ _ _ _ _ _ _ _ _ _ _ _ _ _ _ _ _ _ _ _ _ _ _ _ _ _ _ _ _ _ _ _ _ _ _ _ _ _
venv\Lib\site-packages\pydantic_settings\main.py:262: in __init__
    super().__init__(**__pydantic_self__.__class__._settings_build_values(sources, init_kwargs))
                       ^^^^^^^^^^^^^^^^^^^^^^^^^^^^^^^^^^^^^^^^^^^^^^^^^^^^^^^^^^^^^^^^^^^^^^^^
venv\Lib\site-packages\pydantic_settings\main.py:498: in _settings_build_values
    source_state = source()
                   ^^^^^^^^
_ _ _ _ _ _ _ _ _ _ _ _ _ _ _ _ _ _ _ _ _ _ _ _ _ _ _ _ _ _ _ _ _ _ _ _ _ _ _ _

self = EnvSettingsSource(env_nested_delimiter=None, env_prefix_len=0)

    def __call__(self) -> dict[str, Any]:
        data: dict[str, Any] = {}
    
        for field_name, field in self.settings_cls.model_fields.items():
            _warn_if_field_info_incomplete(field, field_name, self._init_state)
            try:
                field_value, field_key, value_is_complex = self._get_resolved_field_value(field, field_name)
            except Exception as e:
                raise SettingsError(
                    f'error getting value for field "{field_name}" from source "{self.__class__.__name__}"'
                ) from e
    
            try:
                field_value = self.prepare_field_value(field_name, field, field_value, value_is_complex)
            except ValueError as e:
>               raise SettingsError(
                    f'error parsing value for field "{field_name}" from source "{self.__class__.__name__}"'
                ) from e
E               pydantic_settings.exceptions.SettingsError: error parsing value for field "cors_origins" from source "EnvSettingsSource"

venv\Lib\site-packages\pydantic_settings\sources\base.py:610: SettingsError
============================== warnings summary ===============================
venv\Lib\site-packages\fastapi\testclient.py:1
  C:\Users\HP\Desktop\.vscode\Argus  og\backend\venv\Lib\site-packages\fastapi\testclient.py:1: StarletteDeprecationWarning: Using `httpx` with `starlette.testclient` is deprecated; install `httpx2` instead.
    from starlette.testclient import TestClient as TestClient  # noqa

venv\Lib\site-packages\starlette\testclient.py:53
  C:\Users\HP\Desktop\.vscode\Argus  og\backend\venv\Lib\site-packages\starlette\testclient.py:53: DeprecationWarning: The anyio.abc.BlockingPortal alias is deprecated, use anyio.from_thread.BlockingPortal instead.
    _PortalFactoryType = Callable[[], AbstractContextManager[anyio.abc.BlockingPortal]]

app\core\config.py:5
  C:\Users\HP\Desktop\.vscode\Argus  og\backend\app\core\config.py:5: PydanticDeprecatedSince20: Support for class-based `config` is deprecated, use ConfigDict instead. Deprecated in Pydantic V2.0 to be removed in V3.0. See Pydantic V2 Migration Guide at https://errors.pydantic.dev/2.13/migration/
    class Settings(BaseSettings):

-- Docs: https://docs.pytest.org/en/stable/how-to/capture-warnings.html
=========================== short test summary info ===========================
FAILED tests/unit/test_config.py::test_config_cors_origins_parsing - pydantic_settings.exceptions.SettingsError: error parsing value for field "cors_origins" from source "EnvSettingsSource"
=================== 1 failed, 3 passed, 3 warnings in 0.37s ===================
