============================= test session starts =============================
platform win32 -- Python 3.14.6, pytest-9.1.1, pluggy-1.6.0 -- C:\Python314\python.exe
cachedir: .pytest_cache
rootdir: C:\Users\HP\OneDrive\Desktop\.vscode\Argus\ai-reliability-engineer\backend
plugins: anyio-4.14.1, langsmith-0.9.2, asyncio-1.4.0
asyncio: mode=Mode.STRICT, debug=False, asyncio_default_fixture_loop_scope=None, asyncio_default_test_loop_scope=function
collecting ... collected 5 items

tests/test_observability_clients.py::test_prometheus_instant_query_success PASSED [ 20%]
tests/test_observability_clients.py::test_prometheus_range_query_success PASSED [ 40%]
tests/test_observability_clients.py::test_prometheus_unavailable FAILED  [ 60%]
tests/test_observability_clients.py::test_loki_query_range_success PASSED [ 80%]
tests/test_observability_clients.py::test_loki_unavailable FAILED        [100%]

================================== FAILURES ===================================
_________________________ test_prometheus_unavailable _________________________

    def test_prometheus_unavailable():
        """
        Test that pointing PROMETHEUS_URL at an unreachable port raises
        PrometheusUnavailableError.
        """
        original_url = os.environ.get("PROMETHEUS_URL")
    
        try:
            # Point to an unreachable port
            os.environ["PROMETHEUS_URL"] = "http://localhost:9999"
    
>           with pytest.raises(PrometheusUnavailableError):
                 ^^^^^^^^^^^^^^^^^^^^^^^^^^^^^^^^^^^^^^^^^
E           Failed: DID NOT RAISE PrometheusUnavailableError

tests\test_observability_clients.py:74: Failed
____________________________ test_loki_unavailable ____________________________

    def test_loki_unavailable():
        """
        Test that pointing LOKI_URL at an unreachable port raises LokiUnavailableError.
        """
        original_url = os.environ.get("LOKI_URL")
    
        try:
            os.environ["LOKI_URL"] = "http://localhost:9999"
    
            end = datetime.now(timezone.utc)
            start = end - timedelta(minutes=5)
    
>           with pytest.raises(LokiUnavailableError):
                 ^^^^^^^^^^^^^^^^^^^^^^^^^^^^^^^^^^^
E           Failed: DID NOT RAISE LokiUnavailableError

tests\test_observability_clients.py:114: Failed
=========================== short test summary info ===========================
FAILED tests/test_observability_clients.py::test_prometheus_unavailable - Fai...
FAILED tests/test_observability_clients.py::test_loki_unavailable - Failed: D...
========================= 2 failed, 3 passed in 0.30s =========================
