============================= test session starts =============================
platform win32 -- Python 3.14.6, pytest-8.4.2, pluggy-1.6.0 -- C:\Users\HP\Desktop\.vscode\Argus  og\backend\venv\Scripts\python.exe
cachedir: .pytest_cache
rootdir: C:\Users\HP\Desktop\.vscode\Argus  og\backend
configfile: pytest.ini
plugins: anyio-4.15.1, asyncio-1.4.0
asyncio: mode=Mode.STRICT, debug=False, asyncio_default_fixture_loop_scope=None, asyncio_default_test_loop_scope=function
collecting ... collected 289 items

tests/integration/api/v1/test_findings.py::test_get_findings_list PASSED [  0%]
tests/integration/api/v1/test_findings.py::test_get_findings_list_filters PASSED [  0%]
tests/integration/api/v1/test_findings.py::test_get_repository_findings PASSED [  1%]
tests/integration/api/v1/test_findings.py::test_get_repository_findings_unowned PASSED [  1%]
tests/integration/api/v1/test_findings.py::test_get_finding_detail PASSED [  1%]
tests/integration/api/v1/test_findings.py::test_get_finding_detail_unowned PASSED [  2%]
tests/integration/api/v1/test_findings.py::test_patch_finding_status PASSED [  2%]
tests/integration/api/v1/test_findings.py::test_patch_finding_status_conflict PASSED [  2%]
tests/integration/api/v1/test_findings.py::test_patch_finding_unowned PASSED [  3%]
tests/integration/api/v1/test_findings.py::test_unauthenticated PASSED   [  3%]
tests/integration/services/test_finding_service.py::test_create_finding PASSED [  3%]
tests/integration/services/test_finding_service.py::test_create_finding_fingerprint_conflict_updates_existing_row PASSED [  4%]
tests/integration/services/test_finding_service.py::test_sync_findings_for_run_auto_resolves_missing PASSED [  4%]
tests/integration/services/test_finding_service.py::test_sync_findings_for_run_leaves_ignored_missing_finding_untouched PASSED [  4%]
tests/integration/services/test_finding_service.py::test_sync_findings_for_run_updates_present_finding PASSED [  5%]
tests/integration/services/test_finding_service.py::test_list_findings_for_repository PASSED [  5%]
tests/integration/services/test_github_connection_service.py::test_upsert_connection_new PASSED [  5%]
tests/integration/services/test_github_connection_service.py::test_upsert_connection_idempotent_update PASSED [  6%]
tests/integration/services/test_github_connection_service.py::test_upsert_connection_ownership_reassignment PASSED [  6%]
tests/integration/services/test_github_connection_service.py::test_list_connections PASSED [  6%]
tests/integration/services/test_github_connection_service.py::test_get_connection_or_404 PASSED [  7%]
tests/integration/services/test_github_connection_service.py::test_handle_installation_status_change PASSED [  7%]
tests/integration/services/test_github_event_service.py::test_record_event_success PASSED [  7%]
tests/integration/services/test_github_event_service.py::test_record_event_duplicate_returns_none PASSED [  8%]
tests/integration/services/test_github_event_service.py::test_status_transitions PASSED [  8%]
tests/integration/services/test_github_event_service.py::test_mark_failed_strips_secrets PASSED [  8%]
tests/integration/services/test_github_event_service.py::test_concurrent_insert_race PASSED [  9%]
tests/integration/services/test_github_event_service.py::test_process_webhook_event_duplicate PASSED [  9%]
tests/integration/services/test_github_event_service.py::test_process_webhook_event_unknown_installation PASSED [ 10%]
tests/integration/services/test_github_event_service.py::test_process_webhook_event_known_installation_suspend PASSED [ 10%]
tests/integration/services/test_github_event_service.py::test_process_webhook_event_removed_repos PASSED [ 10%]
tests/integration/services/test_github_event_service.py::test_process_webhook_event_reaction_failure_marks_failed PASSED [ 11%]
tests/integration/services/test_github_event_service.py::test_process_webhook_event_analyzes_pull_request PASSED [ 11%]
tests/integration/services/test_pr_integration.py::test_process_webhook_event_analyzes_pull_request PASSED [ 11%]
tests/integration/services/test_repository_service.py::test_list_available_repositories_flags_already_added PASSED [ 12%]
tests/integration/services/test_repository_service.py::test_add_repository_idempotency PASSED [ 12%]
tests/integration/services/test_repository_service.py::test_add_repository_rejects_unauthorized PASSED [ 12%]
tests/integration/services/test_repository_service.py::test_set_monitoring_enabled_ownership PASSED [ 13%]
tests/integration/services/test_repository_service.py::test_disable_monitoring_for_removed_repositories PASSED [ 13%]
tests/integration/test_ai_connection_api.py::test_create_connection_returns_safe_status PASSED [ 13%]
tests/integration/test_ai_connection_api.py::test_invalid_api_key_is_sanitized PASSED [ 14%]
tests/integration/test_ai_connection_api.py::test_provider_errors_are_sanitized[provider_error0-429-The AI provider is rate limited. Please try again later.] PASSED [ 14%]
tests/integration/test_ai_connection_api.py::test_provider_errors_are_sanitized[provider_error1-503-The AI provider is currently unavailable. Please try again later.] PASSED [ 14%]
tests/integration/test_ai_connection_api.py::test_unsupported_provider_or_model_is_sanitized[<lambda>-supported-model-The selected AI provider or model is not supported.] PASSED [ 15%]
tests/integration/test_ai_connection_api.py::test_unsupported_provider_or_model_is_sanitized[<lambda>-unsupported-model-The selected AI provider or model is not supported.] PASSED [ 15%]
tests/integration/test_ai_connection_api.py::test_get_unconfigured_connection_returns_false PASSED [ 15%]
tests/integration/test_ai_connection_api.py::test_get_configured_connection_returns_safe_status PASSED [ 16%]
tests/integration/test_ai_connection_api.py::test_delete_connection_is_idempotent_and_has_no_body PASSED [ 16%]
tests/integration/test_auth_flow.py::test_auth_flow_e2e PASSED           [ 16%]
tests/integration/test_auth_flow.py::test_dev_login_fails_non_development_provider PASSED [ 17%]
tests/integration/test_finding_lifecycle.py::test_partial_unique_index_on_finding PASSED [ 17%]
tests/integration/test_finding_lifecycle.py::test_partial_unique_index_allows_multiple_resolved PASSED [ 17%]
tests/integration/test_finding_lifecycle.py::test_partial_unique_index_ignores_null_fingerprint PASSED [ 18%]
tests/integration/test_finding_model.py::test_finding_insert PASSED      [ 18%]
tests/integration/test_github_api.py::test_github_install_flow PASSED    [ 19%]
tests/integration/test_github_api.py::test_github_install_callback_rejections PASSED [ 19%]
tests/integration/test_github_api.py::test_github_endpoints_unauthenticated PASSED [ 19%]
tests/integration/test_github_event_model.py::test_create_github_event_required_fields_only PASSED [ 20%]
tests/integration/test_github_event_model.py::test_github_event_delivery_id_unique PASSED [ 20%]
tests/integration/test_github_models.py::test_valid_connection_and_repo PASSED [ 20%]
tests/integration/test_github_models.py::test_duplicate_connection PASSED [ 21%]
tests/integration/test_github_models.py::test_duplicate_repo PASSED      [ 21%]
tests/integration/test_migrations.py::test_alembic_upgrade_head_completes PASSED [ 21%]
tests/integration/test_migrations.py::test_alembic_downgrade_upgrade_smoke_test PASSED [ 22%]
tests/integration/test_monitoring_api.py::test_monitoring_api_unauthenticated PASSED [ 22%]
tests/integration/test_monitoring_api.py::test_monitoring_api_not_found_or_unowned PASSED [ 22%]
tests/integration/test_monitoring_api.py::test_monitoring_api_malformed PASSED [ 23%]
tests/integration/test_monitoring_api.py::test_monitoring_api_success PASSED [ 23%]
tests/integration/test_monitoring_api.py::test_monitoring_api_skipped_disabled PASSED [ 23%]
tests/integration/test_monitoring_api.py::test_monitoring_api_dependency_analyzer PASSED [ 24%]
tests/integration/test_monitoring_api.py::test_dependency_monitor_run_repeat_updates_existing_finding PASSED [ 24%]
tests/integration/test_repo_health_api.py::test_repo_health_api_unauthenticated PASSED [ 24%]
tests/integration/test_repo_health_api.py::test_repo_health_api_not_found_or_unowned PASSED [ 25%]
tests/integration/test_repo_health_api.py::test_repo_health_lazy_compute_and_post PASSED [ 25%]
tests/integration/test_repo_health_api.py::test_repo_health_history_pagination PASSED [ 25%]
tests/integration/test_repositories_api.py::test_repositories_endpoints_unauthenticated PASSED [ 26%]
tests/integration/test_repositories_api.py::test_repositories_happy_path PASSED [ 26%]
tests/integration/test_repositories_api.py::test_repositories_ownership_protection PASSED [ 26%]
tests/integration/test_repository_health_snapshot_model.py::test_repository_health_snapshot_creation PASSED [ 27%]
tests/integration/test_user_model.py::test_create_user PASSED            [ 27%]
tests/integration/test_user_model.py::test_email_uniqueness PASSED       [ 28%]
tests/integration/test_webhooks_api.py::test_webhook_valid_new_delivery PASSED [ 28%]
tests/integration/test_webhooks_api.py::test_webhook_valid_duplicate_delivery PASSED [ 28%]
tests/integration/test_webhooks_api.py::test_webhook_invalid_missing_signature PASSED [ 29%]
tests/integration/test_webhooks_api.py::test_webhook_missing_delivery_or_event PASSED [ 29%]
tests/integration/test_webhooks_api.py::test_webhook_malformed_json_valid_signature PASSED [ 29%]
tests/integration/test_webhooks_api.py::test_webhook_installation_suspend PASSED [ 30%]
tests/integration/test_webhooks_api.py::test_webhook_installation_created PASSED [ 30%]
tests/services/test_finding_lifecycle_service.py::test_acknowledge_finding_valid_transitions PASSED [ 30%]
tests/services/test_finding_lifecycle_service.py::test_acknowledge_finding_invalid_transitions PASSED [ 31%]
tests/services/test_finding_lifecycle_service.py::test_resolve_finding_valid_transitions PASSED [ 31%]
tests/services/test_finding_lifecycle_service.py::test_resolve_finding_no_op PASSED [ 31%]
tests/services/test_finding_lifecycle_service.py::test_resolve_finding_invalid_transitions PASSED [ 32%]
tests/services/test_finding_lifecycle_service.py::test_ignore_finding_valid_transitions PASSED [ 32%]
tests/services/test_finding_lifecycle_service.py::test_ignore_finding_no_op PASSED [ 32%]
tests/services/test_finding_lifecycle_service.py::test_ignore_finding_invalid_transitions PASSED [ 33%]
tests/services/test_finding_lifecycle_service.py::test_reopen_finding_valid_transitions PASSED [ 33%]
tests/services/test_finding_lifecycle_service.py::test_reopen_finding_no_op PASSED [ 33%]
tests/services/test_finding_lifecycle_service.py::test_auto_resolve_finding_valid_transitions PASSED [ 34%]
tests/services/test_finding_lifecycle_service.py::test_auto_resolve_finding_no_op PASSED [ 34%]
tests/services/test_health_service.py::test_generate_reasons_first_snapshot PASSED [ 34%]
tests/services/test_health_service.py::test_generate_reasons_no_change PASSED [ 35%]
tests/services/test_health_service.py::test_generate_reasons_improvement PASSED [ 35%]
tests/services/test_health_service.py::test_generate_reasons_drop PASSED [ 35%]
tests/services/test_health_service.py::test_compute_and_persist_health_zero_findings PASSED [ 36%]
tests/services/test_health_service.py::test_compute_and_persist_health_critical_finding PASSED [ 36%]
tests/services/test_health_service.py::test_compute_and_persist_health_resolved_finding PASSED [ 37%]
tests/services/test_health_service.py::test_compute_and_persist_health_no_changes PASSED [ 37%]
tests/services/test_health_service.py::test_generate_reasons_cap_five PASSED [ 37%]
tests/services/test_health_service.py::test_finding_service_includes_acknowledged PASSED [ 38%]
tests/test_db_connection.py::test_connection PASSED                      [ 38%]
tests/unit/integrations/ai/test_gemini_provider.py::test_gemini_provider_is_registered PASSED [ 38%]
tests/unit/integrations/ai/test_gemini_provider.py::test_valid_key_returns_without_exception PASSED [ 39%]
tests/unit/integrations/ai/test_gemini_provider.py::test_invalid_key_maps_to_invalid_api_key[401] PASSED [ 39%]
tests/unit/integrations/ai/test_gemini_provider.py::test_invalid_key_maps_to_invalid_api_key[403] PASSED [ 39%]
tests/unit/integrations/ai/test_gemini_provider.py::test_rate_limit_maps_to_rate_limited PASSED [ 40%]
tests/unit/integrations/ai/test_gemini_provider.py::test_server_errors_map_to_unavailable[response0] PASSED [ 40%]
tests/unit/integrations/ai/test_gemini_provider.py::test_server_errors_map_to_unavailable[response1] PASSED [ 40%]
tests/unit/integrations/ai/test_gemini_provider.py::test_timeout_maps_to_unavailable_without_key_leak PASSED [ 41%]
tests/unit/integrations/ai/test_gemini_provider.py::test_network_error_maps_to_unavailable_without_key_leak PASSED [ 41%]
tests/unit/integrations/ai/test_gemini_provider.py::test_default_timeout_is_passed_to_request PASSED [ 41%]
tests/unit/integrations/ai/test_registry.py::test_ai_provider_registry PASSED [ 42%]
tests/unit/integrations/ai/test_registry.py::test_ai_provider_exceptions PASSED [ 42%]
tests/unit/integrations/github/test_webhook_events.py::test_parse_pull_request PASSED [ 42%]
tests/unit/integrations/github/test_webhook_events.py::test_parse_issues PASSED [ 43%]
tests/unit/integrations/github/test_webhook_events.py::test_parse_issue_comment PASSED [ 43%]
tests/unit/integrations/github/test_webhook_events.py::test_parse_workflow_run PASSED [ 43%]
tests/unit/integrations/github/test_webhook_events.py::test_parse_push PASSED [ 44%]
tests/unit/integrations/github/test_webhook_events.py::test_parse_installation PASSED [ 44%]
tests/unit/integrations/github/test_webhook_events.py::test_parse_installation_repositories PASSED [ 44%]
tests/unit/integrations/github/test_webhook_events.py::test_parse_malformed_non_dict_payload PASSED [ 45%]
tests/unit/integrations/github/test_webhook_events.py::test_parse_partially_malformed_repository PASSED [ 45%]
tests/unit/integrations/github/test_webhook_events.py::test_parse_malformed_installation PASSED [ 46%]
tests/unit/integrations/github/test_webhook_events.py::test_parse_unsupported_event_with_valid_shapes PASSED [ 46%]
tests/unit/test_ai_analysis.py::test_aianalysis_creation PASSED          [ 46%]
tests/unit/test_ai_analysis.py::test_aianalysis_fk_cascade PASSED        [ 47%]
tests/unit/test_ai_analysis.py::test_aianalysis_query_ordering PASSED    [ 47%]
tests/unit/test_ai_connection_model.py::test_ai_connection_model_unique_user_id PASSED [ 47%]
tests/unit/test_ai_connection_model.py::test_ai_connection_no_plaintext_keys PASSED [ 48%]
tests/unit/test_ai_connection_model.py::test_ai_connection_fields PASSED [ 48%]
tests/unit/test_ai_connection_service.py::test_create_connection_validates_before_persisting PASSED [ 48%]
tests/unit/test_ai_connection_service.py::test_create_connection_rejects_unsupported_model_without_provider_call PASSED [ 49%]
tests/unit/test_ai_connection_service.py::test_create_connection_replaces_existing_row_and_status_is_safe PASSED [ 49%]
tests/unit/test_ai_connection_service.py::test_delete_connection_is_idempotent PASSED [ 49%]
tests/unit/test_ai_connection_service.py::test_get_connection_status_returns_none_when_unconfigured PASSED [ 50%]
tests/unit/test_analyzer_registry.py::test_registry_is_empty_by_default PASSED [ 50%]
tests/unit/test_analyzer_registry.py::test_register_and_get_analyzer PASSED [ 50%]
tests/unit/test_analyzer_registry.py::test_get_unknown_analyzer PASSED   [ 51%]
tests/unit/test_auth_config_safety.py::test_settings_development_auth PASSED [ 51%]
tests/unit/test_auth_config_safety.py::test_settings_test_env_auth PASSED [ 51%]
tests/unit/test_auth_config_safety.py::test_settings_production_auth_safety PASSED [ 52%]
tests/unit/test_auth_factory_safety.py::test_factory_returns_dev_in_non_prod PASSED [ 52%]
tests/unit/test_auth_factory_safety.py::test_factory_raises_on_dev_in_production PASSED [ 52%]
tests/unit/test_auth_factory_safety.py::test_factory_raises_on_unrecognized PASSED [ 53%]
tests/unit/test_ci_analyzer.py::test_ci_analyzer_ignores_non_workflow_run PASSED [ 53%]
tests/unit/test_ci_analyzer.py::test_ci_analyzer_ignores_non_completed PASSED [ 53%]
tests/unit/test_ci_analyzer.py::test_ci_analyzer_ignores_success PASSED  [ 54%]
tests/unit/test_ci_analyzer.py::test_ci_analyzer_failure_gives_high_severity PASSED [ 54%]
tests/unit/test_ci_analyzer.py::test_ci_analyzer_cancelled_gives_low_severity PASSED [ 55%]
tests/unit/test_code_quality_analyzer.py::test_analyzer_branch_protected PASSED [ 55%]
tests/unit/test_code_quality_analyzer.py::test_analyzer_branch_not_protected PASSED [ 55%]
tests/unit/test_code_quality_analyzer.py::test_analyzer_github_auth_error PASSED [ 56%]
tests/unit/test_code_quality_analyzer.py::test_run_analyzer_verifies_sync_path_for_code_quality PASSED [ 56%]
tests/unit/test_config.py::test_config_loads_valid_values PASSED         [ 56%]
tests/unit/test_config.py::test_config_invalid_app_env_fails PASSED      [ 57%]
tests/unit/test_config.py::test_config_cors_origins_parsing PASSED       [ 57%]
tests/unit/test_config.py::test_config_cors_origins_json_parsing PASSED  [ 57%]
tests/unit/test_config.py::test_config_non_dev_requires_db PASSED        [ 58%]
tests/unit/test_config.py::test_config_empty_github_app_id_fails PASSED  [ 58%]
tests/unit/test_config.py::test_config_empty_github_app_slug_fails PASSED [ 58%]
tests/unit/test_config.py::test_config_empty_github_app_private_key_fails PASSED [ 59%]
tests/unit/test_config.py::test_config_empty_github_app_webhook_secret_fails PASSED [ 59%]
tests/unit/test_dependency_analyzer.py::test_analyzer_manifest_present_no_lockfile PASSED [ 59%]
tests/unit/test_dependency_analyzer.py::test_analyzer_manifest_present_has_lockfile PASSED [ 60%]
tests/unit/test_dependency_analyzer.py::test_analyzer_manifest_absent PASSED [ 60%]
tests/unit/test_dependency_analyzer.py::test_analyzer_github_auth_error PASSED [ 60%]
tests/unit/test_dependency_analyzer.py::test_run_analyzer_constructs_client PASSED [ 61%]
tests/unit/test_development_auth_adapter.py::test_unauthenticated PASSED [ 61%]
tests/unit/test_development_auth_adapter.py::test_login_and_resolve PASSED [ 61%]
tests/unit/test_development_auth_adapter.py::test_logout PASSED          [ 62%]
tests/unit/test_development_auth_adapter.py::test_invalid_tampered_cookie PASSED [ 62%]
tests/unit/test_encryption.py::test_encryption_round_trip PASSED         [ 62%]
tests/unit/test_encryption.py::test_decryption_tampered_token PASSED     [ 63%]
tests/unit/test_encryption.py::test_decryption_garbage_token PASSED      [ 63%]
tests/unit/test_encryption.py::test_settings_fails_when_key_missing FAILED [ 64%]
tests/unit/test_encryption.py::test_settings_fails_when_key_malformed PASSED [ 64%]
tests/unit/test_error_handling.py::test_app_error_handler_returns_correct_shape PASSED [ 64%]
tests/unit/test_error_handling.py::test_global_exception_handler_returns_safe_500 PASSED [ 65%]
tests/unit/test_error_handling.py::test_global_exception_handler_ignores_websocket PASSED [ 65%]
tests/unit/test_github_app_auth.py::TestGenerateAppJWT::test_jwt_is_well_formed_and_verifiable PASSED [ 65%]
tests/unit/test_github_app_auth.py::TestGenerateAppJWT::test_jwt_iat_is_backdated PASSED [ 66%]
tests/unit/test_github_app_auth.py::TestGenerateAppJWT::test_jwt_exp_within_10_minutes PASSED [ 66%]
tests/unit/test_github_app_auth.py::TestGenerateAppJWT::test_jwt_uses_rs256_algorithm PASSED [ 66%]
tests/unit/test_github_app_auth.py::TestGenerateAppJWT::test_jwt_caching_returns_same_token PASSED [ 67%]
tests/unit/test_github_app_auth.py::TestGenerateAppJWT::test_jwt_refreshes_when_near_expiry PASSED [ 67%]
tests/unit/test_github_app_auth.py::TestGetInstallationAccessToken::test_fetches_token_from_github PASSED [ 67%]
tests/unit/test_github_app_auth.py::TestGetInstallationAccessToken::test_caches_token_before_expiry PASSED [ 68%]
tests/unit/test_github_app_auth.py::TestGetInstallationAccessToken::test_refreshes_token_when_near_expiry PASSED [ 68%]
tests/unit/test_github_app_auth.py::TestGetInstallationAccessToken::test_raises_on_github_error_response PASSED [ 68%]
tests/unit/test_github_client.py::TestGetInstallation::test_returns_installation_dict PASSED [ 69%]
tests/unit/test_github_client.py::TestGetInstallation::test_uses_app_jwt_auth PASSED [ 69%]
tests/unit/test_github_client.py::TestListInstallationRepositories::test_single_page PASSED [ 69%]
tests/unit/test_github_client.py::TestListInstallationRepositories::test_multi_page_pagination PASSED [ 70%]
tests/unit/test_github_client.py::TestListInstallationRepositories::test_empty_repositories PASSED [ 70%]
tests/unit/test_github_client.py::TestErrorMapping::test_status_code_maps_to_correct_exception[401-GitHubAuthError] PASSED [ 70%]
tests/unit/test_github_client.py::TestErrorMapping::test_status_code_maps_to_correct_exception[403-GitHubAuthError] PASSED [ 71%]
tests/unit/test_github_client.py::TestErrorMapping::test_status_code_maps_to_correct_exception[404-GitHubNotFoundError] PASSED [ 71%]
tests/unit/test_github_client.py::TestErrorMapping::test_status_code_maps_to_correct_exception[429-GitHubRateLimitError] PASSED [ 71%]
tests/unit/test_github_client.py::TestErrorMapping::test_status_code_maps_to_correct_exception[500-GitHubAPIError] PASSED [ 72%]
tests/unit/test_github_client.py::TestGetRepositoryContent::test_success PASSED [ 72%]
tests/unit/test_github_client.py::TestGetRepositoryContent::test_returns_none_on_404 PASSED [ 73%]
tests/unit/test_github_client.py::TestGetRepositoryContent::test_raises_github_auth_error_on_403 PASSED [ 73%]
tests/unit/test_github_client.py::TestListDependabotAlerts::test_pagination PASSED [ 73%]
tests/unit/test_github_client.py::TestListDependabotAlerts::test_returns_empty_list_on_404 PASSED [ 74%]
tests/unit/test_github_client.py::TestListDependabotAlerts::test_raises_github_auth_error_on_403 PASSED [ 74%]
tests/unit/test_github_client.py::TestGetBranchProtection::test_success PASSED [ 74%]
tests/unit/test_github_client.py::TestGetBranchProtection::test_returns_none_on_404 PASSED [ 75%]
tests/unit/test_github_client.py::TestGetBranchProtection::test_raises_github_auth_error_on_403 PASSED [ 75%]
tests/unit/test_github_exceptions.py::TestInheritance::test_github_api_error_is_app_error PASSED [ 75%]
tests/unit/test_github_exceptions.py::TestInheritance::test_github_auth_error_is_github_api_error PASSED [ 76%]
tests/unit/test_github_exceptions.py::TestInheritance::test_github_not_found_error_is_github_api_error PASSED [ 76%]
tests/unit/test_github_exceptions.py::TestInheritance::test_github_rate_limit_error_is_github_api_error PASSED [ 76%]
tests/unit/test_github_exceptions.py::TestInheritance::test_all_are_catchable_as_app_error PASSED [ 77%]
tests/unit/test_github_exceptions.py::TestFromResponse::test_maps_status_to_correct_subclass[401-GitHubAuthError-github_auth_error] PASSED [ 77%]
tests/unit/test_github_exceptions.py::TestFromResponse::test_maps_status_to_correct_subclass[403-GitHubAuthError-github_auth_error] PASSED [ 77%]
tests/unit/test_github_exceptions.py::TestFromResponse::test_maps_status_to_correct_subclass[404-GitHubNotFoundError-github_not_found] PASSED [ 78%]
tests/unit/test_github_exceptions.py::TestFromResponse::test_maps_status_to_correct_subclass[429-GitHubRateLimitError-github_rate_limit] PASSED [ 78%]
tests/unit/test_github_exceptions.py::TestFromResponse::test_maps_status_to_correct_subclass[500-GitHubAPIError-github_api_error] PASSED [ 78%]
tests/unit/test_github_exceptions.py::TestFromResponse::test_maps_status_to_correct_subclass[502-GitHubAPIError-github_api_error] PASSED [ 79%]
tests/unit/test_github_exceptions.py::TestFromResponse::test_maps_status_to_correct_subclass[422-GitHubAPIError-github_api_error] PASSED [ 79%]
tests/unit/test_github_exceptions.py::TestFromResponse::test_preserves_response_status PASSED [ 79%]
tests/unit/test_github_exceptions.py::TestFromResponse::test_handles_non_json_body PASSED [ 80%]
tests/unit/test_github_exceptions.py::TestDefaultAttributes::test_github_api_error_defaults PASSED [ 80%]
tests/unit/test_github_exceptions.py::TestDefaultAttributes::test_github_auth_error_defaults PASSED [ 80%]
tests/unit/test_github_exceptions.py::TestDefaultAttributes::test_github_not_found_defaults PASSED [ 81%]
tests/unit/test_github_exceptions.py::TestDefaultAttributes::test_github_rate_limit_defaults PASSED [ 81%]
tests/unit/test_health.py::test_health_endpoint PASSED                   [ 82%]
tests/unit/test_health_score_service.py::test_zero_findings PASSED       [ 82%]
tests/unit/test_health_score_service.py::test_single_critical_finding PASSED [ 82%]
tests/unit/test_health_score_service.py::test_multiple_criticals_clamp_at_zero PASSED [ 83%]
tests/unit/test_health_score_service.py::test_overall_score_averages_all_categories PASSED [ 83%]
tests/unit/test_health_score_service.py::test_unmapped_category_is_ignored PASSED [ 83%]
tests/unit/test_health_score_service.py::test_compute_overall_empty PASSED [ 84%]
tests/unit/test_issue_analyzer.py::test_issue_analyzer_ignores_non_issue PASSED [ 84%]
tests/unit/test_issue_analyzer.py::test_issue_analyzer_ignores_edited_action PASSED [ 84%]
tests/unit/test_issue_analyzer.py::test_issue_analyzer_ignores_non_empty_body PASSED [ 85%]
tests/unit/test_issue_analyzer.py::test_issue_analyzer_flags_empty_body_string PASSED [ 85%]
tests/unit/test_issue_analyzer.py::test_issue_analyzer_flags_none_body PASSED [ 85%]
tests/unit/test_logging.py::test_configure_logging_development PASSED    [ 86%]
tests/unit/test_logging.py::test_configure_logging_production PASSED     [ 86%]
tests/unit/test_logging.py::test_get_logger PASSED                       [ 86%]
tests/unit/test_monitor_service.py::test_run_analyzer_skipped_when_monitoring_disabled PASSED [ 87%]
tests/unit/test_monitor_service.py::test_run_analyzer_unknown_analyzer PASSED [ 87%]
tests/unit/test_monitor_service.py::test_run_analyzer_exception_containment PASSED [ 87%]
tests/unit/test_monitor_service.py::test_run_analyzer_success_persists_findings PASSED [ 88%]
tests/unit/test_monitor_service.py::test_run_analyzer_full_state_uses_sync_result PASSED [ 88%]
tests/unit/test_monitor_service.py::test_run_analyzer_success_computes_health PASSED [ 88%]
tests/unit/test_monitor_service.py::test_run_analyzer_exception_no_health_recomputation PASSED [ 89%]
tests/unit/test_monitor_service.py::test_run_analyzer_health_exception_swallowed PASSED [ 89%]
tests/unit/test_priority_service.py::test_compute_priority_table_driven[security-info-low] PASSED [ 89%]
tests/unit/test_priority_service.py::test_compute_priority_table_driven[quality-info-low] PASSED [ 90%]
tests/unit/test_priority_service.py::test_compute_priority_table_driven[performance-info-low] PASSED [ 90%]
tests/unit/test_priority_service.py::test_compute_priority_table_driven[quality-low-low] PASSED [ 91%]
tests/unit/test_priority_service.py::test_compute_priority_table_driven[quality-medium-medium] PASSED [ 91%]
tests/unit/test_priority_service.py::test_compute_priority_table_driven[quality-high-high] PASSED [ 91%]
tests/unit/test_priority_service.py::test_compute_priority_table_driven[quality-critical-critical] PASSED [ 92%]
tests/unit/test_priority_service.py::test_compute_priority_table_driven[security-low-medium] PASSED [ 92%]
tests/unit/test_priority_service.py::test_compute_priority_table_driven[security-medium-high] PASSED [ 92%]
tests/unit/test_priority_service.py::test_compute_priority_table_driven[security-high-critical] PASSED [ 93%]
tests/unit/test_priority_service.py::test_compute_priority_table_driven[security-critical-critical] PASSED [ 93%]
tests/unit/test_pull_request_analyzer.py::test_pr_analyzer_ignores_non_pull_request PASSED [ 93%]
tests/unit/test_pull_request_analyzer.py::test_pr_analyzer_ignores_edited_action PASSED [ 94%]
tests/unit/test_pull_request_analyzer.py::test_pr_analyzer_ignores_non_empty_body PASSED [ 94%]
tests/unit/test_pull_request_analyzer.py::test_pr_analyzer_flags_empty_body_string PASSED [ 94%]
tests/unit/test_pull_request_analyzer.py::test_pr_analyzer_flags_none_body PASSED [ 95%]
tests/unit/test_repository_activity_analyzer.py::test_activity_analyzer_force_push_default_branch PASSED [ 95%]
tests/unit/test_repository_activity_analyzer.py::test_activity_analyzer_force_push_non_default_branch PASSED [ 95%]
tests/unit/test_repository_activity_analyzer.py::test_activity_analyzer_non_forced_push PASSED [ 96%]
tests/unit/test_repository_activity_analyzer.py::test_activity_analyzer_non_push_event PASSED [ 96%]
tests/unit/test_security_analyzer.py::test_analyzer_returns_open_alerts PASSED [ 96%]
tests/unit/test_security_analyzer.py::test_analyzer_no_alerts PASSED     [ 97%]
tests/unit/test_security_analyzer.py::test_analyzer_github_auth_error PASSED [ 97%]
tests/unit/test_security_analyzer.py::test_analyzer_missing_fields_graceful PASSED [ 97%]
tests/unit/test_security_analyzer.py::test_run_analyzer_verifies_sync_path_for_security PASSED [ 98%]
tests/unit/test_webhook_security.py::test_verify_signature_correct PASSED [ 98%]
tests/unit/test_webhook_security.py::test_verify_signature_wrong_secret PASSED [ 98%]
tests/unit/test_webhook_security.py::test_verify_signature_tampered_body PASSED [ 99%]
tests/unit/test_webhook_security.py::test_verify_signature_missing_header PASSED [ 99%]
tests/unit/test_webhook_security.py::test_verify_signature_malformed_header PASSED [100%]

================================== FAILURES ===================================
____________________ test_settings_fails_when_key_missing _____________________

monkeypatch = <_pytest.monkeypatch.MonkeyPatch object at 0x000001732EB65D30>

    def test_settings_fails_when_key_missing(monkeypatch):
        monkeypatch.delenv("AI_CREDENTIAL_ENCRYPTION_KEY", raising=False)
        # The application initialization must fail closed
>       with pytest.raises(ValueError, match="AI_CREDENTIAL_ENCRYPTION_KEY is required"):
             ^^^^^^^^^^^^^^^^^^^^^^^^^^^^^^^^^^^^^^^^^^^^^^^^^^^^^^^^^^^^^^^^^^^^^^^^^^^
E       Failed: DID NOT RAISE <class 'ValueError'>

tests\unit\test_encryption.py:35: Failed
============================== warnings summary ===============================
venv\Lib\site-packages\fastapi\testclient.py:1
  C:\Users\HP\Desktop\.vscode\Argus  og\backend\venv\Lib\site-packages\fastapi\testclient.py:1: StarletteDeprecationWarning: Using `httpx` with `starlette.testclient` is deprecated; install `httpx2` instead.
    from starlette.testclient import TestClient as TestClient  # noqa

venv\Lib\site-packages\starlette\testclient.py:53
  C:\Users\HP\Desktop\.vscode\Argus  og\backend\venv\Lib\site-packages\starlette\testclient.py:53: DeprecationWarning: The anyio.abc.BlockingPortal alias is deprecated, use anyio.from_thread.BlockingPortal instead.
    _PortalFactoryType = Callable[[], AbstractContextManager[anyio.abc.BlockingPortal]]

app\main.py:21
  C:\Users\HP\Desktop\.vscode\Argus  og\backend\app\main.py:21: DeprecationWarning: 
          on_event is deprecated, use lifespan event handlers instead.
  
          Read more about it in the
          [FastAPI docs for Lifespan Events](https://fastapi.tiangolo.com/advanced/events/).
          
    @app.on_event("startup")

venv\Lib\site-packages\fastapi\applications.py:4681
  C:\Users\HP\Desktop\.vscode\Argus  og\backend\venv\Lib\site-packages\fastapi\applications.py:4681: DeprecationWarning: 
          on_event is deprecated, use lifespan event handlers instead.
  
          Read more about it in the
          [FastAPI docs for Lifespan Events](https://fastapi.tiangolo.com/advanced/events/).
          
    return self.router.on_event(event_type)  # ty: ignore[deprecated]

tests/integration/test_ai_connection_api.py::test_invalid_api_key_is_sanitized
  C:\Users\HP\Desktop\.vscode\Argus  og\backend\venv\Lib\site-packages\anyio\_backends\_asyncio.py:1100: StarletteDeprecationWarning: 'HTTP_422_UNPROCESSABLE_ENTITY' is deprecated. Use 'HTTP_422_UNPROCESSABLE_CONTENT' instead.
    result = context.run(func, *args)

tests/integration/test_finding_lifecycle.py::test_partial_unique_index_on_finding
tests/integration/test_github_event_model.py::test_github_event_delivery_id_unique
tests/integration/test_github_models.py::test_duplicate_connection
tests/integration/test_github_models.py::test_duplicate_repo
tests/integration/test_user_model.py::test_email_uniqueness
tests/unit/test_ai_connection_model.py::test_ai_connection_model_unique_user_id
  C:\Users\HP\Desktop\.vscode\Argus  og\backend\tests\integration\conftest.py:61: SAWarning: transaction already deassociated from connection
    transaction.rollback()

-- Docs: https://docs.pytest.org/en/stable/how-to/capture-warnings.html
=========================== short test summary info ===========================
FAILED tests/unit/test_encryption.py::test_settings_fails_when_key_missing - ...
================= 1 failed, 288 passed, 11 warnings in 5.07s ==================
