============================= test session starts =============================
platform win32 -- Python 3.14.6, pytest-8.4.2, pluggy-1.6.0 -- C:\Users\HP\Desktop\.vscode\Argus  og\backend\venv\Scripts\python.exe
cachedir: .pytest_cache
rootdir: C:\Users\HP\Desktop\.vscode\Argus  og\backend
configfile: pytest.ini
plugins: anyio-4.15.1, asyncio-1.4.0
asyncio: mode=Mode.STRICT, debug=False, asyncio_default_fixture_loop_scope=None, asyncio_default_test_loop_scope=function
collecting ... collected 4 items

tests/unit/integrations/email/test_smtp_provider.py::test_smtp_not_configured PASSED [ 25%]
tests/unit/integrations/email/test_smtp_provider.py::test_smtp_successful_send_with_tls PASSED [ 50%]
tests/unit/integrations/email/test_smtp_provider.py::test_smtp_auth_failure PASSED [ 75%]
tests/unit/integrations/email/test_smtp_provider.py::test_smtp_connection_failure PASSED [100%]

============================== warnings summary ===============================
venv\Lib\site-packages\fastapi\testclient.py:1
  C:\Users\HP\Desktop\.vscode\Argus  og\backend\venv\Lib\site-packages\fastapi\testclient.py:1: StarletteDeprecationWarning: Using `httpx` with `starlette.testclient` is deprecated; install `httpx2` instead.
    from starlette.testclient import TestClient as TestClient  # noqa

venv\Lib\site-packages\starlette\testclient.py:53
  C:\Users\HP\Desktop\.vscode\Argus  og\backend\venv\Lib\site-packages\starlette\testclient.py:53: DeprecationWarning: The anyio.abc.BlockingPortal alias is deprecated, use anyio.from_thread.BlockingPortal instead.
    _PortalFactoryType = Callable[[], AbstractContextManager[anyio.abc.BlockingPortal]]

app\main.py:21
  C:\Users\HP\Desktop\.vscode\Argus  og\backend\app\main.py:21: DeprecationWarning: 
          on_event is deprecated, use lifespan event handlers instead.
  
          Read more about it in the
          [FastAPI docs for Lifespan Events](https://fastapi.tiangolo.com/advanced/events/).
          
    @app.on_event("startup")

venv\Lib\site-packages\fastapi\applications.py:4681
  C:\Users\HP\Desktop\.vscode\Argus  og\backend\venv\Lib\site-packages\fastapi\applications.py:4681: DeprecationWarning: 
          on_event is deprecated, use lifespan event handlers instead.
  
          Read more about it in the
          [FastAPI docs for Lifespan Events](https://fastapi.tiangolo.com/advanced/events/).
          
    return self.router.on_event(event_type)  # ty: ignore[deprecated]

-- Docs: https://docs.pytest.org/en/stable/how-to/capture-warnings.html
======================== 4 passed, 4 warnings in 0.13s ========================
