============================= test session starts =============================
platform win32 -- Python 3.14.6, pytest-8.4.2, pluggy-1.6.0 -- C:\Users\HP\Desktop\.vscode\Argus  og\backend\venv\Scripts\python.exe
cachedir: .pytest_cache
rootdir: C:\Users\HP\Desktop\.vscode\Argus  og\backend
configfile: pytest.ini
plugins: anyio-4.15.1, asyncio-1.4.0
asyncio: mode=Mode.STRICT, debug=False, asyncio_default_fixture_loop_scope=None, asyncio_default_test_loop_scope=function
collecting ... collected 3 items

tests/integration/test_github_api.py::test_github_install_flow FAILED    [ 33%]
tests/integration/test_github_api.py::test_github_install_callback_rejections PASSED [ 66%]
tests/integration/test_github_api.py::test_github_endpoints_unauthenticated PASSED [100%]

================================== FAILURES ===================================
__________________________ test_github_install_flow ___________________________

client = <starlette.testclient.TestClient object at 0x000001A2FF206900>
monkeypatch = <_pytest.monkeypatch.MonkeyPatch object at 0x000001A2FF36CC30>

    def test_github_install_flow(client, monkeypatch):
        """
        Test the GitHub app installation token generation and callback handler.
        """
        # 1. Dev login to get authenticated session
        res_login = client.post("/api/v1/auth/dev-login")
        assert res_login.status_code == 200
    
        # 2. Get install start URL
        res_start = client.get("/api/v1/github/install/start")
        assert res_start.status_code == 200
        install_url = res_start.json()["install_url"]
        assert "?state=" in install_url
    
        # Extract state from URL
        state = install_url.split("?state=")[1]
    
        # 3. Mock GitHubAppClient to avoid real network calls
        class MockClient:
            def __init__(self, *args, **kwargs):
                pass
            async def get_installation(self, installation_id):
                return {"account": {"login": "octocat", "type": "User"}}
    
        monkeypatch.setattr("app.api.v1.github.GitHubAppClient", MockClient)
    
        # 4. Successful callback
        res_callback = client.get(
            f"/api/v1/github/install/callback?installation_id=12345&setup_action=install&state={state}"
        )
        assert res_callback.status_code == 200
        connection = res_callback.json()
        assert connection["account_login"] == "octocat"
        assert connection["installation_id"] == 12345
    
        # Idempotency check: Calling it again with same params should still succeed
        res_callback2 = client.get(
            f"/api/v1/github/install/callback?installation_id=12345&setup_action=install&state={state}"
        )
        assert res_callback2.status_code == 200
    
        # 5. Get connections
        res_connections = client.get("/api/v1/github/connections")
        assert res_connections.status_code == 200
        connections_list = res_connections.json()
>       assert len(connections_list) == 1
E       AssertionError: assert 2 == 1
E        +  where 2 = len([{'id': 'ba54d0fa-377b-4780-81eb-55a235ff4357', 'installation_id': 934927, 'account_login': 'manual-886f472e', 'account_type': 'User', 'status': 'active', 'created_at': '2026-09-16T19:38:24'}, {'id': 'e833931b-c460-44bb-9812-7a0af72ef382', 'installation_id': 12345, 'account_login': 'octocat', 'account_type': 'User', 'status': 'active', 'created_at': '2026-09-19T19:20:12'}])

tests\integration\test_github_api.py:63: AssertionError
---------------------------- Captured stderr setup ----------------------------
INFO  [alembic.runtime.migration] Context impl SQLiteImpl.
INFO  [alembic.runtime.migration] Will assume non-transactional DDL.
============================== warnings summary ===============================
venv\Lib\site-packages\fastapi\testclient.py:1
  C:\Users\HP\Desktop\.vscode\Argus  og\backend\venv\Lib\site-packages\fastapi\testclient.py:1: StarletteDeprecationWarning: Using `httpx` with `starlette.testclient` is deprecated; install `httpx2` instead.
    from starlette.testclient import TestClient as TestClient  # noqa

venv\Lib\site-packages\starlette\testclient.py:53
  C:\Users\HP\Desktop\.vscode\Argus  og\backend\venv\Lib\site-packages\starlette\testclient.py:53: DeprecationWarning: The anyio.abc.BlockingPortal alias is deprecated, use anyio.from_thread.BlockingPortal instead.
    _PortalFactoryType = Callable[[], AbstractContextManager[anyio.abc.BlockingPortal]]

app\main.py:21
  C:\Users\HP\Desktop\.vscode\Argus  og\backend\app\main.py:21: DeprecationWarning: 
          on_event is deprecated, use lifespan event handlers instead.
  
          Read more about it in the
          [FastAPI docs for Lifespan Events](https://fastapi.tiangolo.com/advanced/events/).
          
    @app.on_event("startup")

venv\Lib\site-packages\fastapi\applications.py:4681
  C:\Users\HP\Desktop\.vscode\Argus  og\backend\venv\Lib\site-packages\fastapi\applications.py:4681: DeprecationWarning: 
          on_event is deprecated, use lifespan event handlers instead.
  
          Read more about it in the
          [FastAPI docs for Lifespan Events](https://fastapi.tiangolo.com/advanced/events/).
          
    return self.router.on_event(event_type)  # ty: ignore[deprecated]

-- Docs: https://docs.pytest.org/en/stable/how-to/capture-warnings.html
=========================== short test summary info ===========================
FAILED tests/integration/test_github_api.py::test_github_install_flow - AssertionError: assert 2 == 1
 +  where 2 = len([{'id': 'ba54d0fa-377b-4780-81eb-55a235ff4357', 'installation_id': 934927, 'account_login': 'manual-886f472e', 'account_type': 'User', 'status': 'active', 'created_at': '2026-09-16T19:38:24'}, {'id': 'e833931b-c460-44bb-9812-7a0af72ef382', 'installation_id': 12345, 'account_login': 'octocat', 'account_type': 'User', 'status': 'active', 'created_at': '2026-09-19T19:20:12'}])
=================== 1 failed, 2 passed, 4 warnings in 1.26s ===================
