<?xml version="1.0" encoding="utf-8"?><testsuites name="pytest tests"><testsuite name="pytest" errors="0" failures="0" skipped="0" tests="3" time="2.592" timestamp="2026-09-04T01:15:23.630759+05:30" hostname="shresth"><testcase classname="backend.tests.test_demo_reset" name="test_demo_reset_403_when_disabled" time="0.595" /><testcase classname="backend.tests.test_demo_reset" name="test_demo_reset_clears_data" time="0.290" /><testcase classname="backend.tests.test_demo_reset" name="test_simulator_warm_up" time="0.694" /></testsuite></testsuites>